<?xml version="1.0" encoding="UTF-8"?>
<coverage generated="1772743773686" clover="3.2.0">
  <project timestamp="1772743773686" name="All files">
    <metrics statements="25" coveredstatements="18" conditionals="2" coveredconditionals="0" methods="8" coveredmethods="5" elements="35" coveredelements="23" complexity="0" loc="25" ncloc="25" packages="1" files="1" classes="1"/>
    <file name="manager.ts" path="C:\Home\CodeProjects\overleaf-cc\packages\mirror-server\src\filesystem\manager.ts">
      <metrics statements="25" coveredstatements="18" conditionals="2" coveredconditionals="0" methods="8" coveredmethods="5"/>
      <line num="1" count="1" type="stmt"/>
      <line num="2" count="1" type="stmt"/>
      <line num="3" count="1" type="stmt"/>
      <line num="5" count="1" type="stmt"/>
      <line num="6" count="5" type="stmt"/>
      <line num="9" count="5" type="cond" truecount="0" falsecount="1"/>
      <line num="10" count="0" type="stmt"/>
      <line num="13" count="5" type="stmt"/>
      <line num="14" count="5" type="stmt"/>
      <line num="15" count="5" type="stmt"/>
      <line num="19" count="1" type="stmt"/>
      <line num="20" count="1" type="stmt"/>
      <line num="22" count="1" type="cond" truecount="0" falsecount="1"/>
      <line num="23" count="0" type="stmt"/>
      <line num="26" count="1" type="stmt"/>
      <line num="30" count="0" type="stmt"/>
      <line num="31" count="0" type="stmt"/>
      <line num="35" count="1" type="stmt"/>
      <line num="36" count="1" type="stmt"/>
      <line num="40" count="1" type="stmt"/>
      <line num="41" count="1" type="stmt"/>
      <line num="42" count="1" type="stmt"/>
      <line num="46" count="0" type="stmt"/>
      <line num="47" count="0" type="stmt"/>
      <line num="51" count="0" type="stmt"/>
    </file>
  </project>
</coverage>
