{"C:\\Home\\CodeProjects\\overleaf-cc\\packages\\mirror-server\\src\\cli.ts": {"path":"C:\\Home\\CodeProjects\\overleaf-cc\\packages\\mirror-server\\src\\cli.ts","statementMap":{"0":{"start":{"line":2,"column":0},"end":{"line":2,"column":36}},"1":{"start":{"line":3,"column":0},"end":{"line":3,"column":40}},"2":{"start":{"line":5,"column":16},"end":{"line":5,"column":29}},"3":{"start":{"line":7,"column":0},"end":{"line":10,"column":20}},"4":{"start":{"line":12,"column":0},"end":{"line":25,"column":5}},"5":{"start":{"line":17,"column":4},"end":{"line":17,"column":54}},"6":{"start":{"line":18,"column":19},"end":{"line":18,"column":37}},"7":{"start":{"line":20,"column":4},"end":{"line":24,"column":7}},"8":{"start":{"line":21,"column":6},"end":{"line":21,"column":47}},"9":{"start":{"line":22,"column":6},"end":{"line":22,"column":21}},"10":{"start":{"line":23,"column":6},"end":{"line":23,"column":22}},"11":{"start":{"line":27,"column":0},"end":{"line":27,"column":16}}},"fnMap":{"0":{"name":"(anonymous_0)","decl":{"start":{"line":16,"column":10},"end":{"line":16,"column":11}},"loc":{"start":{"line":16,"column":22},"end":{"line":25,"column":3}}},"1":{"name":"(anonymous_1)","decl":{"start":{"line":20,"column":25},"end":{"line":20,"column":28}},"loc":{"start":{"line":20,"column":30},"end":{"line":24,"column":5}}}},"branchMap":{},"s":{"0":0,"1":0,"2":0,"3":0,"4":0,"5":0,"6":0,"7":0,"8":0,"9":0,"10":0,"11":0},"f":{"0":0,"1":0},"b":{}}
,"C:\\Home\\CodeProjects\\overleaf-cc\\packages\\mirror-server\\src\\client-connection.ts": {"path":"C:\\Home\\CodeProjects\\overleaf-cc\\packages\\mirror-server\\src\\client-connection.ts","statementMap":{"0":{"start":{"line":1,"column":0},"end":{"line":1,"column":31}},"1":{"start":{"line":5,"column":22},"end":{"line":5,"column":23}},"2":{"start":{"line":7,"column":22},"end":{"line":7,"column":35}},"3":{"start":{"line":7,"column":45},"end":{"line":7,"column":62}},"4":{"start":{"line":10,"column":4},"end":{"line":10,"column":26}},"5":{"start":{"line":14,"column":4},"end":{"line":14,"column":43}},"6":{"start":{"line":18,"column":4},"end":{"line":18,"column":23}},"7":{"start":{"line":22,"column":4},"end":{"line":27,"column":7}},"8":{"start":{"line":31,"column":4},"end":{"line":33,"column":5}},"9":{"start":{"line":32,"column":6},"end":{"line":32,"column":44}},"10":{"start":{"line":37,"column":4},"end":{"line":44,"column":7}},"11":{"start":{"line":38,"column":6},"end":{"line":43,"column":7}},"12":{"start":{"line":39,"column":24},"end":{"line":39,"column":53}},"13":{"start":{"line":40,"column":8},"end":{"line":40,"column":26}},"14":{"start":{"line":42,"column":8},"end":{"line":42,"column":57}},"15":{"start":{"line":48,"column":4},"end":{"line":48,"column":34}},"16":{"start":{"line":52,"column":4},"end":{"line":52,"column":20}},"17":{"start":{"line":4,"column":0},"end":{"line":4,"column":13}}},"fnMap":{"0":{"name":"(anonymous_0)","decl":{"start":{"line":7,"column":2},"end":{"line":7,"column":22}},"loc":{"start":{"line":7,"column":62},"end":{"line":7,"column":66}}},"1":{"name":"(anonymous_1)","decl":{"start":{"line":9,"column":2},"end":{"line":9,"column":14}},"loc":{"start":{"line":9,"column":14},"end":{"line":11,"column":3}}},"2":{"name":"(anonymous_2)","decl":{"start":{"line":13,"column":2},"end":{"line":13,"column":19}},"loc":{"start":{"line":13,"column":46},"end":{"line":15,"column":3}}},"3":{"name":"(anonymous_3)","decl":{"start":{"line":17,"column":2},"end":{"line":17,"column":17}},"loc":{"start":{"line":17,"column":45},"end":{"line":19,"column":3}}},"4":{"name":"(anonymous_4)","decl":{"start":{"line":21,"column":2},"end":{"line":21,"column":9}},"loc":{"start":{"line":21,"column":61},"end":{"line":28,"column":3}}},"5":{"name":"(anonymous_5)","decl":{"start":{"line":30,"column":10},"end":{"line":30,"column":14}},"loc":{"start":{"line":30,"column":33},"end":{"line":34,"column":3}}},"6":{"name":"(anonymous_6)","decl":{"start":{"line":36,"column":2},"end":{"line":36,"column":11}},"loc":{"start":{"line":36,"column":50},"end":{"line":45,"column":3}}},"7":{"name":"(anonymous_7)","decl":{"start":{"line":37,"column":26},"end":{"line":37,"column":27}},"loc":{"start":{"line":37,"column":43},"end":{"line":44,"column":5}}},"8":{"name":"(anonymous_8)","decl":{"start":{"line":47,"column":2},"end":{"line":47,"column":9}},"loc":{"start":{"line":47,"column":30},"end":{"line":49,"column":3}}},"9":{"name":"(anonymous_9)","decl":{"start":{"line":51,"column":2},"end":{"line":51,"column":7}},"loc":{"start":{"line":51,"column":7},"end":{"line":53,"column":3}}}},"branchMap":{"0":{"loc":{"start":{"line":31,"column":4},"end":{"line":33,"column":5}},"type":"if","locations":[{"start":{"line":31,"column":4},"end":{"line":33,"column":5}}]}},"s":{"0":0,"1":0,"2":0,"3":0,"4":0,"5":0,"6":0,"7":0,"8":0,"9":0,"10":0,"11":0,"12":0,"13":0,"14":0,"15":0,"16":0,"17":0},"f":{"0":0,"1":0,"2":0,"3":0,"4":0,"5":0,"6":0,"7":0,"8":0,"9":0},"b":{"0":[0]}}
,"C:\\Home\\CodeProjects\\overleaf-cc\\packages\\mirror-server\\src\\index.ts": {"path":"C:\\Home\\CodeProjects\\overleaf-cc\\packages\\mirror-server\\src\\index.ts","statementMap":{"0":{"start":{"line":2,"column":0},"end":{"line":2,"column":40}},"1":{"start":{"line":3,"column":0},"end":{"line":3,"column":25}},"2":{"start":{"line":4,"column":0},"end":{"line":4,"column":29}},"3":{"start":{"line":7,"column":19},"end":{"line":7,"column":118}},"4":{"start":{"line":10,"column":0},"end":{"line":13,"column":1}},"5":{"start":{"line":11,"column":2},"end":{"line":11,"column":59}},"6":{"start":{"line":12,"column":2},"end":{"line":12,"column":48}},"7":{"start":{"line":15,"column":0},"end":{"line":15,"column":28}},"8":{"start":{"line":16,"column":0},"end":{"line":16,"column":41}},"9":{"start":{"line":17,"column":0},"end":{"line":17,"column":28}},"10":{"start":{"line":18,"column":0},"end":{"line":18,"column":51}},"11":{"start":{"line":19,"column":0},"end":{"line":19,"column":16}},"12":{"start":{"line":22,"column":15},"end":{"line":22,"column":33}},"13":{"start":{"line":25,"column":0},"end":{"line":29,"column":3}},"14":{"start":{"line":26,"column":2},"end":{"line":26,"column":49}},"15":{"start":{"line":27,"column":2},"end":{"line":27,"column":17}},"16":{"start":{"line":28,"column":2},"end":{"line":28,"column":18}},"17":{"start":{"line":31,"column":0},"end":{"line":35,"column":3}},"18":{"start":{"line":32,"column":2},"end":{"line":32,"column":49}},"19":{"start":{"line":33,"column":2},"end":{"line":33,"column":17}},"20":{"start":{"line":34,"column":2},"end":{"line":34,"column":18}},"21":{"start":{"line":37,"column":0},"end":{"line":37,"column":57}}},"fnMap":{"0":{"name":"(anonymous_9)","decl":{"start":{"line":25,"column":21},"end":{"line":25,"column":24}},"loc":{"start":{"line":25,"column":26},"end":{"line":29,"column":1}}},"1":{"name":"(anonymous_10)","decl":{"start":{"line":31,"column":22},"end":{"line":31,"column":25}},"loc":{"start":{"line":31,"column":27},"end":{"line":35,"column":1}}}},"branchMap":{"0":{"loc":{"start":{"line":7,"column":19},"end":{"line":7,"column":118}},"type":"binary-expr","locations":[{"start":{"line":7,"column":19},"end":{"line":7,"column":34}},{"start":{"line":7,"column":38},"end":{"line":7,"column":118}}]},"1":{"loc":{"start":{"line":7,"column":48},"end":{"line":7,"column":97}},"type":"binary-expr","locations":[{"start":{"line":7,"column":48},"end":{"line":7,"column":64}},{"start":{"line":7,"column":68},"end":{"line":7,"column":91}},{"start":{"line":7,"column":95},"end":{"line":7,"column":97}}]},"2":{"loc":{"start":{"line":10,"column":0},"end":{"line":13,"column":1}},"type":"if","locations":[{"start":{"line":10,"column":0},"end":{"line":13,"column":1}}]}},"s":{"0":0,"1":0,"2":0,"3":0,"4":0,"5":0,"6":0,"7":0,"8":0,"9":0,"10":0,"11":0,"12":0,"13":0,"14":0,"15":0,"16":0,"17":0,"18":0,"19":0,"20":0,"21":0},"f":{"0":0,"1":0},"b":{"0":[0,0],"1":[0,0,0],"2":[0]}}
,"C:\\Home\\CodeProjects\\overleaf-cc\\packages\\mirror-server\\src\\server.ts": {"path":"C:\\Home\\CodeProjects\\overleaf-cc\\packages\\mirror-server\\src\\server.ts","statementMap":{"0":{"start":{"line":1,"column":0},"end":{"line":1,"column":48}},"1":{"start":{"line":3,"column":0},"end":{"line":3,"column":69}},"2":{"start":{"line":4,"column":0},"end":{"line":4,"column":55}},"3":{"start":{"line":5,"column":0},"end":{"line":5,"column":51}},"4":{"start":{"line":6,"column":0},"end":{"line":6,"column":60}},"5":{"start":{"line":10,"column":13},"end":{"line":10,"column":17}},"6":{"start":{"line":15,"column":58},"end":{"line":15,"column":67}},"7":{"start":{"line":16,"column":51},"end":{"line":16,"column":60}},"8":{"start":{"line":20,"column":4},"end":{"line":20,"column":51}},"9":{"start":{"line":23,"column":4},"end":{"line":23,"column":27}},"10":{"start":{"line":26,"column":4},"end":{"line":28,"column":7}},"11":{"start":{"line":30,"column":4},"end":{"line":30,"column":32}},"12":{"start":{"line":33,"column":4},"end":{"line":37,"column":5}},"13":{"start":{"line":34,"column":6},"end":{"line":36,"column":9}},"14":{"start":{"line":35,"column":8},"end":{"line":35,"column":63}},"15":{"start":{"line":41,"column":4},"end":{"line":80,"column":7}},"16":{"start":{"line":43,"column":6},"end":{"line":43,"column":56}},"17":{"start":{"line":44,"column":6},"end":{"line":44,"column":74}},"18":{"start":{"line":45,"column":6},"end":{"line":45,"column":68}},"19":{"start":{"line":47,"column":6},"end":{"line":51,"column":7}},"20":{"start":{"line":48,"column":8},"end":{"line":48,"column":27}},"21":{"start":{"line":49,"column":8},"end":{"line":49,"column":18}},"22":{"start":{"line":50,"column":8},"end":{"line":50,"column":15}},"23":{"start":{"line":54,"column":6},"end":{"line":79,"column":7}},"24":{"start":{"line":55,"column":19},"end":{"line":55,"column":21}},"25":{"start":{"line":57,"column":8},"end":{"line":59,"column":11}},"26":{"start":{"line":58,"column":10},"end":{"line":58,"column":35}},"27":{"start":{"line":61,"column":8},"end":{"line":75,"column":11}},"28":{"start":{"line":62,"column":10},"end":{"line":74,"column":11}},"29":{"start":{"line":63,"column":25},"end":{"line":63,"column":41}},"30":{"start":{"line":66,"column":12},"end":{"line":66,"column":43}},"31":{"start":{"line":68,"column":12},"end":{"line":68,"column":71}},"32":{"start":{"line":69,"column":12},"end":{"line":69,"column":55}},"33":{"start":{"line":71,"column":12},"end":{"line":71,"column":68}},"34":{"start":{"line":72,"column":12},"end":{"line":72,"column":71}},"35":{"start":{"line":73,"column":12},"end":{"line":73,"column":63}},"36":{"start":{"line":77,"column":8},"end":{"line":77,"column":27}},"37":{"start":{"line":78,"column":8},"end":{"line":78,"column":29}},"38":{"start":{"line":86,"column":4},"end":{"line":86,"column":68}},"39":{"start":{"line":90,"column":4},"end":{"line":109,"column":7}},"40":{"start":{"line":91,"column":6},"end":{"line":91,"column":57}},"41":{"start":{"line":92,"column":25},"end":{"line":92,"column":53}},"42":{"start":{"line":94,"column":6},"end":{"line":94,"column":43}},"43":{"start":{"line":96,"column":6},"end":{"line":98,"column":9}},"44":{"start":{"line":97,"column":8},"end":{"line":97,"column":49}},"45":{"start":{"line":100,"column":6},"end":{"line":103,"column":9}},"46":{"start":{"line":101,"column":8},"end":{"line":101,"column":50}},"47":{"start":{"line":102,"column":8},"end":{"line":102,"column":36}},"48":{"start":{"line":105,"column":6},"end":{"line":108,"column":9}},"49":{"start":{"line":106,"column":8},"end":{"line":106,"column":64}},"50":{"start":{"line":107,"column":8},"end":{"line":107,"column":48}},"51":{"start":{"line":113,"column":4},"end":{"line":113,"column":65}},"52":{"start":{"line":115,"column":4},"end":{"line":139,"column":5}},"53":{"start":{"line":117,"column":8},"end":{"line":117,"column":70}},"54":{"start":{"line":119,"column":8},"end":{"line":119,"column":14}},"55":{"start":{"line":121,"column":8},"end":{"line":121,"column":62}},"56":{"start":{"line":122,"column":8},"end":{"line":122,"column":55}},"57":{"start":{"line":123,"column":8},"end":{"line":123,"column":14}},"58":{"start":{"line":125,"column":28},"end":{"line":125,"column":57}},"59":{"start":{"line":126,"column":8},"end":{"line":126,"column":69}},"60":{"start":{"line":129,"column":8},"end":{"line":135,"column":9}},"61":{"start":{"line":130,"column":26},"end":{"line":130,"column":65}},"62":{"start":{"line":131,"column":10},"end":{"line":131,"column":65}},"63":{"start":{"line":132,"column":10},"end":{"line":134,"column":13}},"64":{"start":{"line":133,"column":12},"end":{"line":133,"column":96}},"65":{"start":{"line":136,"column":8},"end":{"line":136,"column":14}},"66":{"start":{"line":138,"column":8},"end":{"line":138,"column":55}},"67":{"start":{"line":143,"column":4},"end":{"line":145,"column":7}},"68":{"start":{"line":150,"column":4},"end":{"line":152,"column":7}},"69":{"start":{"line":151,"column":6},"end":{"line":151,"column":21}},"70":{"start":{"line":153,"column":4},"end":{"line":153,"column":30}},"71":{"start":{"line":156,"column":4},"end":{"line":156,"column":21}},"72":{"start":{"line":12,"column":0},"end":{"line":12,"column":13}}},"fnMap":{"0":{"name":"(anonymous_0)","decl":{"start":{"line":18,"column":2},"end":{"line":18,"column":14}},"loc":{"start":{"line":18,"column":37},"end":{"line":38,"column":3}}},"1":{"name":"(anonymous_1)","decl":{"start":{"line":34,"column":35},"end":{"line":34,"column":38}},"loc":{"start":{"line":34,"column":40},"end":{"line":36,"column":7}}},"2":{"name":"(anonymous_2)","decl":{"start":{"line":40,"column":10},"end":{"line":40,"column":25}},"loc":{"start":{"line":40,"column":25},"end":{"line":81,"column":3}}},"3":{"name":"(anonymous_3)","decl":{"start":{"line":41,"column":34},"end":{"line":41,"column":39}},"loc":{"start":{"line":41,"column":86},"end":{"line":80,"column":5}}},"4":{"name":"(anonymous_4)","decl":{"start":{"line":57,"column":23},"end":{"line":57,"column":24}},"loc":{"start":{"line":57,"column":33},"end":{"line":59,"column":9}}},"5":{"name":"(anonymous_5)","decl":{"start":{"line":61,"column":22},"end":{"line":61,"column":25}},"loc":{"start":{"line":61,"column":27},"end":{"line":75,"column":9}}},"6":{"name":"(anonymous_6)","decl":{"start":{"line":83,"column":10},"end":{"line":83,"column":29}},"loc":{"start":{"line":83,"column":39},"end":{"line":87,"column":3}}},"7":{"name":"(anonymous_7)","decl":{"start":{"line":89,"column":10},"end":{"line":89,"column":30}},"loc":{"start":{"line":89,"column":30},"end":{"line":110,"column":3}}},"8":{"name":"(anonymous_8)","decl":{"start":{"line":90,"column":30},"end":{"line":90,"column":31}},"loc":{"start":{"line":90,"column":48},"end":{"line":109,"column":5}}},"9":{"name":"(anonymous_9)","decl":{"start":{"line":96,"column":21},"end":{"line":96,"column":22}},"loc":{"start":{"line":96,"column":31},"end":{"line":98,"column":7}}},"10":{"name":"(anonymous_10)","decl":{"start":{"line":100,"column":21},"end":{"line":100,"column":24}},"loc":{"start":{"line":100,"column":26},"end":{"line":103,"column":7}}},"11":{"name":"(anonymous_11)","decl":{"start":{"line":105,"column":27},"end":{"line":105,"column":28}},"loc":{"start":{"line":105,"column":50},"end":{"line":108,"column":7}}},"12":{"name":"(anonymous_12)","decl":{"start":{"line":112,"column":10},"end":{"line":112,"column":23}},"loc":{"start":{"line":112,"column":72},"end":{"line":140,"column":3}}},"13":{"name":"(anonymous_13)","decl":{"start":{"line":132,"column":32},"end":{"line":132,"column":33}},"loc":{"start":{"line":132,"column":42},"end":{"line":134,"column":11}}},"14":{"name":"(anonymous_14)","decl":{"start":{"line":142,"column":2},"end":{"line":142,"column":11}},"loc":{"start":{"line":142,"column":30},"end":{"line":146,"column":3}}},"15":{"name":"(anonymous_15)","decl":{"start":{"line":143,"column":29},"end":{"line":143,"column":30}},"loc":{"start":{"line":143,"column":44},"end":{"line":145,"column":5}}},"16":{"name":"(anonymous_16)","decl":{"start":{"line":148,"column":2},"end":{"line":148,"column":7}},"loc":{"start":{"line":148,"column":7},"end":{"line":157,"column":3}}},"17":{"name":"(anonymous_17)","decl":{"start":{"line":150,"column":30},"end":{"line":150,"column":31}},"loc":{"start":{"line":150,"column":42},"end":{"line":152,"column":5}}}},"branchMap":{"0":{"loc":{"start":{"line":20,"column":22},"end":{"line":20,"column":50}},"type":"binary-expr","locations":[{"start":{"line":20,"column":22},"end":{"line":20,"column":32}},{"start":{"line":20,"column":36},"end":{"line":20,"column":50}}]},"1":{"loc":{"start":{"line":33,"column":4},"end":{"line":37,"column":5}},"type":"if","locations":[{"start":{"line":33,"column":4},"end":{"line":37,"column":5}}]},"2":{"loc":{"start":{"line":47,"column":6},"end":{"line":51,"column":7}},"type":"if","locations":[{"start":{"line":47,"column":6},"end":{"line":51,"column":7}}]},"3":{"loc":{"start":{"line":54,"column":6},"end":{"line":79,"column":7}},"type":"if","locations":[{"start":{"line":54,"column":6},"end":{"line":79,"column":7}},{"start":{"line":76,"column":13},"end":{"line":79,"column":7}}]},"4":{"loc":{"start":{"line":54,"column":10},"end":{"line":54,"column":60}},"type":"binary-expr","locations":[{"start":{"line":54,"column":10},"end":{"line":54,"column":35}},{"start":{"line":54,"column":39},"end":{"line":54,"column":60}}]},"5":{"loc":{"start":{"line":115,"column":4},"end":{"line":139,"column":5}},"type":"switch","locations":[{"start":{"line":116,"column":6},"end":{"line":119,"column":14}},{"start":{"line":120,"column":6},"end":{"line":123,"column":14}},{"start":{"line":124,"column":6},"end":{"line":136,"column":14}},{"start":{"line":137,"column":6},"end":{"line":138,"column":55}}]},"6":{"loc":{"start":{"line":129,"column":8},"end":{"line":135,"column":9}},"type":"if","locations":[{"start":{"line":129,"column":8},"end":{"line":135,"column":9}}]}},"s":{"0":0,"1":0,"2":0,"3":0,"4":0,"5":0,"6":0,"7":0,"8":0,"9":0,"10":0,"11":0,"12":0,"13":0,"14":0,"15":0,"16":0,"17":0,"18":0,"19":0,"20":0,"21":0,"22":0,"23":0,"24":0,"25":0,"26":0,"27":0,"28":0,"29":0,"30":0,"31":0,"32":0,"33":0,"34":0,"35":0,"36":0,"37":0,"38":0,"39":0,"40":0,"41":0,"42":0,"43":0,"44":0,"45":0,"46":0,"47":0,"48":0,"49":0,"50":0,"51":0,"52":0,"53":0,"54":0,"55":0,"56":0,"57":0,"58":0,"59":0,"60":0,"61":0,"62":0,"63":0,"64":0,"65":0,"66":0,"67":0,"68":0,"69":0,"70":0,"71":0,"72":0},"f":{"0":0,"1":0,"2":0,"3":0,"4":0,"5":0,"6":0,"7":0,"8":0,"9":0,"10":0,"11":0,"12":0,"13":0,"14":0,"15":0,"16":0,"17":0},"b":{"0":[0,0],"1":[0],"2":[0],"3":[0,0],"4":[0,0],"5":[0,0,0,0],"6":[0]}}
,"C:\\Home\\CodeProjects\\overleaf-cc\\packages\\mirror-server\\src\\types.ts": {"path":"C:\\Home\\CodeProjects\\overleaf-cc\\packages\\mirror-server\\src\\types.ts","statementMap":{"0":{"start":{"line":103,"column":0},"end":{"line":103,"column":null}},"1":{"start":{"line":104,"column":2},"end":{"line":104,"column":null}},"2":{"start":{"line":105,"column":2},"end":{"line":105,"column":null}},"3":{"start":{"line":106,"column":2},"end":{"line":106,"column":null}},"4":{"start":{"line":107,"column":2},"end":{"line":107,"column":null}},"5":{"start":{"line":108,"column":2},"end":{"line":108,"column":null}},"6":{"start":{"line":109,"column":2},"end":{"line":109,"column":null}}},"fnMap":{"0":{"name":"(anonymous_0)","decl":{"start":{"line":103,"column":0},"end":{"line":103,"column":12}},"loc":{"start":{"line":103,"column":21},"end":{"line":110,"column":1}}}},"branchMap":{"0":{"loc":{"start":{"line":103,"column":12},"end":{"line":103,"column":null}},"type":"binary-expr","locations":[{"start":{"line":103,"column":12},"end":{"line":103,"column":21}},{"start":{"line":103,"column":21},"end":{"line":103,"column":null}}]}},"s":{"0":0,"1":0,"2":0,"3":0,"4":0,"5":0,"6":0},"f":{"0":0},"b":{"0":[0,0]}}
,"C:\\Home\\CodeProjects\\overleaf-cc\\packages\\mirror-server\\src\\api\\index.ts": {"path":"C:\\Home\\CodeProjects\\overleaf-cc\\packages\\mirror-server\\src\\api\\index.ts","statementMap":{"0":{"start":{"line":1,"column":0},"end":{"line":1,"column":9}},"1":{"start":{"line":1,"column":9},"end":{"line":1,"column":54}},"2":{"start":{"line":2,"column":0},"end":{"line":2,"column":24}}},"fnMap":{"0":{"name":"(anonymous_4)","decl":{"start":{"line":1,"column":9},"end":{"line":1,"column":26}},"loc":{"start":{"line":1,"column":9},"end":{"line":1,"column":54}}}},"branchMap":{},"s":{"0":0,"1":0,"2":0},"f":{"0":0},"b":{}}
,"C:\\Home\\CodeProjects\\overleaf-cc\\packages\\mirror-server\\src\\api\\overleaf-client.ts": {"path":"C:\\Home\\CodeProjects\\overleaf-cc\\packages\\mirror-server\\src\\api\\overleaf-client.ts","statementMap":{"0":{"start":{"line":1,"column":0},"end":{"line":1,"column":45}},"1":{"start":{"line":2,"column":0},"end":{"line":2,"column":56}},"2":{"start":{"line":7,"column":26},"end":{"line":7,"column":51}},"3":{"start":{"line":13,"column":2},"end":{"line":18,"column":4}},"4":{"start":{"line":23,"column":12},"end":{"line":23,"column":40}},"5":{"start":{"line":24,"column":12},"end":{"line":24,"column":30}},"6":{"start":{"line":32,"column":4},"end":{"line":34,"column":5}},"7":{"start":{"line":33,"column":6},"end":{"line":33,"column":62}},"8":{"start":{"line":35,"column":4},"end":{"line":37,"column":5}},"9":{"start":{"line":36,"column":6},"end":{"line":36,"column":58}},"10":{"start":{"line":39,"column":16},"end":{"line":39,"column":67}},"11":{"start":{"line":41,"column":21},"end":{"line":41,"column":50}},"12":{"start":{"line":43,"column":4},"end":{"line":56,"column":5}},"13":{"start":{"line":44,"column":6},"end":{"line":50,"column":7}},"14":{"start":{"line":45,"column":8},"end":{"line":49,"column":10}},"15":{"start":{"line":51,"column":6},"end":{"line":55,"column":8}},"16":{"start":{"line":59,"column":4},"end":{"line":67,"column":5}},"17":{"start":{"line":60,"column":6},"end":{"line":60,"column":48}},"18":{"start":{"line":62,"column":6},"end":{"line":66,"column":8}},"19":{"start":{"line":70,"column":4},"end":{"line":81,"column":5}},"20":{"start":{"line":76,"column":6},"end":{"line":80,"column":8}},"21":{"start":{"line":83,"column":4},"end":{"line":83,"column":49}},"22":{"start":{"line":91,"column":4},"end":{"line":93,"column":5}},"23":{"start":{"line":92,"column":6},"end":{"line":92,"column":62}},"24":{"start":{"line":95,"column":16},"end":{"line":95,"column":63}},"25":{"start":{"line":97,"column":21},"end":{"line":97,"column":50}},"26":{"start":{"line":99,"column":4},"end":{"line":105,"column":5}},"27":{"start":{"line":100,"column":6},"end":{"line":104,"column":8}},"28":{"start":{"line":107,"column":18},"end":{"line":107,"column":39}},"29":{"start":{"line":110,"column":4},"end":{"line":116,"column":5}},"30":{"start":{"line":111,"column":6},"end":{"line":111,"column":35}},"31":{"start":{"line":112,"column":11},"end":{"line":116,"column":5}},"32":{"start":{"line":113,"column":6},"end":{"line":113,"column":41}},"33":{"start":{"line":115,"column":6},"end":{"line":115,"column":16}},"34":{"start":{"line":124,"column":4},"end":{"line":126,"column":5}},"35":{"start":{"line":125,"column":6},"end":{"line":125,"column":62}},"36":{"start":{"line":127,"column":4},"end":{"line":129,"column":5}},"37":{"start":{"line":128,"column":6},"end":{"line":128,"column":57}},"38":{"start":{"line":131,"column":16},"end":{"line":131,"column":87}},"39":{"start":{"line":133,"column":21},"end":{"line":133,"column":50}},"40":{"start":{"line":135,"column":4},"end":{"line":141,"column":5}},"41":{"start":{"line":136,"column":6},"end":{"line":140,"column":8}},"42":{"start":{"line":143,"column":24},"end":{"line":143,"column":52}},"43":{"start":{"line":144,"column":4},"end":{"line":144,"column":36}},"44":{"start":{"line":154,"column":44},"end":{"line":158,"column":6}},"45":{"start":{"line":160,"column":4},"end":{"line":160,"column":68}},"46":{"start":{"line":167,"column":4},"end":{"line":169,"column":18}},"47":{"start":{"line":168,"column":30},"end":{"line":168,"column":48}},"48":{"start":{"line":21,"column":0},"end":{"line":21,"column":13}}},"fnMap":{"0":{"name":"hasFilesArray","decl":{"start":{"line":12,"column":9},"end":{"line":12,"column":22}},"loc":{"start":{"line":12,"column":36},"end":{"line":19,"column":1}}},"1":{"name":"(anonymous_2)","decl":{"start":{"line":22,"column":2},"end":{"line":22,"column":null}},"loc":{"start":{"line":24,"column":47},"end":{"line":25,"column":6}}},"2":{"name":"(anonymous_3)","decl":{"start":{"line":30,"column":2},"end":{"line":30,"column":7}},"loc":{"start":{"line":30,"column":54},"end":{"line":84,"column":3}}},"3":{"name":"(anonymous_4)","decl":{"start":{"line":89,"column":2},"end":{"line":89,"column":7}},"loc":{"start":{"line":89,"column":41},"end":{"line":117,"column":3}}},"4":{"name":"(anonymous_5)","decl":{"start":{"line":122,"column":2},"end":{"line":122,"column":7}},"loc":{"start":{"line":122,"column":54},"end":{"line":145,"column":3}}},"5":{"name":"(anonymous_6)","decl":{"start":{"line":150,"column":10},"end":{"line":150,"column":15}},"loc":{"start":{"line":152,"column":41},"end":{"line":161,"column":3}}},"6":{"name":"(anonymous_7)","decl":{"start":{"line":166,"column":10},"end":{"line":166,"column":23}},"loc":{"start":{"line":166,"column":23},"end":{"line":170,"column":3}}},"7":{"name":"(anonymous_8)","decl":{"start":{"line":168,"column":11},"end":{"line":168,"column":12}},"loc":{"start":{"line":168,"column":30},"end":{"line":168,"column":48}}}},"branchMap":{"0":{"loc":{"start":{"line":14,"column":4},"end":{"line":17,"column":53}},"type":"binary-expr","locations":[{"start":{"line":14,"column":4},"end":{"line":14,"column":28}},{"start":{"line":15,"column":4},"end":{"line":15,"column":17}},{"start":{"line":16,"column":4},"end":{"line":16,"column":19}},{"start":{"line":17,"column":4},"end":{"line":17,"column":53}}]},"1":{"loc":{"start":{"line":24,"column":12},"end":{"line":24,"column":47}},"type":"default-arg","locations":[{"start":{"line":24,"column":30},"end":{"line":24,"column":47}}]},"2":{"loc":{"start":{"line":32,"column":4},"end":{"line":34,"column":5}},"type":"if","locations":[{"start":{"line":32,"column":4},"end":{"line":34,"column":5}}]},"3":{"loc":{"start":{"line":32,"column":8},"end":{"line":32,"column":51}},"type":"binary-expr","locations":[{"start":{"line":32,"column":8},"end":{"line":32,"column":18}},{"start":{"line":32,"column":22},"end":{"line":32,"column":51}}]},"4":{"loc":{"start":{"line":35,"column":4},"end":{"line":37,"column":5}},"type":"if","locations":[{"start":{"line":35,"column":4},"end":{"line":37,"column":5}}]},"5":{"loc":{"start":{"line":35,"column":8},"end":{"line":35,"column":43}},"type":"binary-expr","locations":[{"start":{"line":35,"column":8},"end":{"line":35,"column":14}},{"start":{"line":35,"column":18},"end":{"line":35,"column":43}}]},"6":{"loc":{"start":{"line":43,"column":4},"end":{"line":56,"column":5}},"type":"if","locations":[{"start":{"line":43,"column":4},"end":{"line":56,"column":5}}]},"7":{"loc":{"start":{"line":44,"column":6},"end":{"line":50,"column":7}},"type":"if","locations":[{"start":{"line":44,"column":6},"end":{"line":50,"column":7}}]},"8":{"loc":{"start":{"line":44,"column":10},"end":{"line":44,"column":60}},"type":"binary-expr","locations":[{"start":{"line":44,"column":10},"end":{"line":44,"column":33}},{"start":{"line":44,"column":37},"end":{"line":44,"column":60}}]},"9":{"loc":{"start":{"line":70,"column":4},"end":{"line":81,"column":5}},"type":"if","locations":[{"start":{"line":70,"column":4},"end":{"line":81,"column":5}}]},"10":{"loc":{"start":{"line":71,"column":6},"end":{"line":74,"column":64}},"type":"binary-expr","locations":[{"start":{"line":71,"column":6},"end":{"line":71,"column":30}},{"start":{"line":72,"column":6},"end":{"line":72,"column":19}},{"start":{"line":73,"column":6},"end":{"line":73,"column":26}},{"start":{"line":74,"column":6},"end":{"line":74,"column":64}}]},"11":{"loc":{"start":{"line":91,"column":4},"end":{"line":93,"column":5}},"type":"if","locations":[{"start":{"line":91,"column":4},"end":{"line":93,"column":5}}]},"12":{"loc":{"start":{"line":91,"column":8},"end":{"line":91,"column":51}},"type":"binary-expr","locations":[{"start":{"line":91,"column":8},"end":{"line":91,"column":18}},{"start":{"line":91,"column":22},"end":{"line":91,"column":51}}]},"13":{"loc":{"start":{"line":99,"column":4},"end":{"line":105,"column":5}},"type":"if","locations":[{"start":{"line":99,"column":4},"end":{"line":105,"column":5}}]},"14":{"loc":{"start":{"line":110,"column":4},"end":{"line":116,"column":5}},"type":"if","locations":[{"start":{"line":110,"column":4},"end":{"line":116,"column":5}},{"start":{"line":112,"column":11},"end":{"line":116,"column":5}}]},"15":{"loc":{"start":{"line":112,"column":11},"end":{"line":116,"column":5}},"type":"if","locations":[{"start":{"line":112,"column":11},"end":{"line":116,"column":5}},{"start":{"line":114,"column":11},"end":{"line":116,"column":5}}]},"16":{"loc":{"start":{"line":124,"column":4},"end":{"line":126,"column":5}},"type":"if","locations":[{"start":{"line":124,"column":4},"end":{"line":126,"column":5}}]},"17":{"loc":{"start":{"line":124,"column":8},"end":{"line":124,"column":51}},"type":"binary-expr","locations":[{"start":{"line":124,"column":8},"end":{"line":124,"column":18}},{"start":{"line":124,"column":22},"end":{"line":124,"column":51}}]},"18":{"loc":{"start":{"line":127,"column":4},"end":{"line":129,"column":5}},"type":"if","locations":[{"start":{"line":127,"column":4},"end":{"line":129,"column":5}}]},"19":{"loc":{"start":{"line":127,"column":8},"end":{"line":127,"column":41}},"type":"binary-expr","locations":[{"start":{"line":127,"column":8},"end":{"line":127,"column":13}},{"start":{"line":127,"column":17},"end":{"line":127,"column":41}}]},"20":{"loc":{"start":{"line":135,"column":4},"end":{"line":141,"column":5}},"type":"if","locations":[{"start":{"line":135,"column":4},"end":{"line":141,"column":5}}]},"21":{"loc":{"start":{"line":152,"column":4},"end":{"line":152,"column":41}},"type":"default-arg","locations":[{"start":{"line":152,"column":39},"end":{"line":152,"column":41}}]},"22":{"loc":{"start":{"line":155,"column":11},"end":{"line":155,"column":59}},"type":"binary-expr","locations":[{"start":{"line":155,"column":11},"end":{"line":155,"column":53}},{"start":{"line":155,"column":57},"end":{"line":155,"column":59}}]}},"s":{"0":1,"1":1,"2":1,"3":0,"4":16,"5":16,"6":9,"7":1,"8":8,"9":1,"10":7,"11":7,"12":6,"13":2,"14":2,"15":0,"16":4,"17":4,"18":1,"19":3,"20":1,"21":2,"22":2,"23":1,"24":1,"25":1,"26":1,"27":0,"28":1,"29":1,"30":1,"31":0,"32":0,"33":0,"34":5,"35":1,"36":4,"37":1,"38":3,"39":3,"40":3,"41":1,"42":2,"43":2,"44":11,"45":11,"46":11,"47":11,"48":1},"f":{"0":0,"1":16,"2":9,"3":2,"4":5,"5":11,"6":11,"7":11},"b":{"0":[0,0,0,0],"1":[16],"2":[1],"3":[9,8],"4":[1],"5":[8,7],"6":[2],"7":[2],"8":[2,1],"9":[1],"10":[3,3,3,2],"11":[1],"12":[2,1],"13":[0],"14":[1,0],"15":[0,0],"16":[1],"17":[5,4],"18":[1],"19":[4,3],"20":[1],"21":[11],"22":[11,11]}}
,"C:\\Home\\CodeProjects\\overleaf-cc\\packages\\mirror-server\\src\\api\\types.ts": {"path":"C:\\Home\\CodeProjects\\overleaf-cc\\packages\\mirror-server\\src\\api\\types.ts","statementMap":{"0":{"start":{"line":22,"column":4},"end":{"line":22,"column":19}},"1":{"start":{"line":19,"column":11},"end":{"line":19,"column":30}},"2":{"start":{"line":20,"column":11},"end":{"line":20,"column":28}},"3":{"start":{"line":23,"column":4},"end":{"line":23,"column":35}},"4":{"start":{"line":16,"column":0},"end":{"line":16,"column":13}}},"fnMap":{"0":{"name":"(anonymous_0)","decl":{"start":{"line":17,"column":2},"end":{"line":17,"column":null}},"loc":{"start":{"line":20,"column":28},"end":{"line":24,"column":3}}}},"branchMap":{},"s":{"0":5,"1":5,"2":5,"3":5,"4":1},"f":{"0":5},"b":{}}
,"C:\\Home\\CodeProjects\\overleaf-cc\\packages\\mirror-server\\src\\config\\index.ts": {"path":"C:\\Home\\CodeProjects\\overleaf-cc\\packages\\mirror-server\\src\\config\\index.ts","statementMap":{"0":{"start":{"line":1,"column":0},"end":{"line":1,"column":9}},"1":{"start":{"line":1,"column":9},"end":{"line":1,"column":45}},"2":{"start":{"line":2,"column":0},"end":{"line":2,"column":24}}},"fnMap":{"0":{"name":"(anonymous_4)","decl":{"start":{"line":1,"column":9},"end":{"line":1,"column":27}},"loc":{"start":{"line":1,"column":9},"end":{"line":1,"column":45}}}},"branchMap":{},"s":{"0":0,"1":0,"2":0},"f":{"0":0},"b":{}}
,"C:\\Home\\CodeProjects\\overleaf-cc\\packages\\mirror-server\\src\\config\\store.ts": {"path":"C:\\Home\\CodeProjects\\overleaf-cc\\packages\\mirror-server\\src\\config\\store.ts","statementMap":{"0":{"start":{"line":1,"column":0},"end":{"line":1,"column":26}},"1":{"start":{"line":2,"column":0},"end":{"line":2,"column":37}},"2":{"start":{"line":3,"column":0},"end":{"line":3,"column":29}},"3":{"start":{"line":10,"column":20},"end":{"line":10,"column":33}},"4":{"start":{"line":11,"column":23},"end":{"line":11,"column":30}},"5":{"start":{"line":18,"column":4},"end":{"line":18,"column":49}},"6":{"start":{"line":19,"column":4},"end":{"line":19,"column":38}},"7":{"start":{"line":26,"column":4},"end":{"line":36,"column":5}},"8":{"start":{"line":28,"column":26},"end":{"line":28,"column":71}},"9":{"start":{"line":29,"column":6},"end":{"line":35,"column":8}},"10":{"start":{"line":38,"column":4},"end":{"line":38,"column":43}},"11":{"start":{"line":45,"column":19},"end":{"line":45,"column":51}},"12":{"start":{"line":46,"column":4},"end":{"line":46,"column":33}},"13":{"start":{"line":49,"column":4},"end":{"line":49,"column":34}},"14":{"start":{"line":51,"column":4},"end":{"line":51,"column":22}},"15":{"start":{"line":58,"column":19},"end":{"line":58,"column":51}},"16":{"start":{"line":59,"column":4},"end":{"line":59,"column":35}},"17":{"start":{"line":61,"column":4},"end":{"line":61,"column":22}},"18":{"start":{"line":68,"column":4},"end":{"line":68,"column":47}},"19":{"start":{"line":75,"column":4},"end":{"line":82,"column":5}},"20":{"start":{"line":76,"column":6},"end":{"line":81,"column":7}},"21":{"start":{"line":77,"column":21},"end":{"line":77,"column":53}},"22":{"start":{"line":78,"column":8},"end":{"line":78,"column":20}},"23":{"start":{"line":80,"column":8},"end":{"line":80,"column":74}},"24":{"start":{"line":85,"column":4},"end":{"line":89,"column":6}},"25":{"start":{"line":96,"column":4},"end":{"line":96,"column":49}},"26":{"start":{"line":97,"column":4},"end":{"line":97,"column":68}},"27":{"start":{"line":13,"column":0},"end":{"line":13,"column":13}}},"fnMap":{"0":{"name":"(anonymous_1)","decl":{"start":{"line":17,"column":2},"end":{"line":17,"column":14}},"loc":{"start":{"line":17,"column":67},"end":{"line":20,"column":3}}},"1":{"name":"(anonymous_2)","decl":{"start":{"line":25,"column":2},"end":{"line":25,"column":18}},"loc":{"start":{"line":25,"column":36},"end":{"line":39,"column":3}}},"2":{"name":"(anonymous_3)","decl":{"start":{"line":44,"column":2},"end":{"line":44,"column":7}},"loc":{"start":{"line":44,"column":59},"end":{"line":52,"column":3}}},"3":{"name":"(anonymous_4)","decl":{"start":{"line":57,"column":2},"end":{"line":57,"column":7}},"loc":{"start":{"line":57,"column":40},"end":{"line":62,"column":3}}},"4":{"name":"(anonymous_5)","decl":{"start":{"line":67,"column":2},"end":{"line":67,"column":14}},"loc":{"start":{"line":67,"column":14},"end":{"line":69,"column":3}}},"5":{"name":"(anonymous_6)","decl":{"start":{"line":74,"column":10},"end":{"line":74,"column":22}},"loc":{"start":{"line":74,"column":22},"end":{"line":90,"column":3}}},"6":{"name":"(anonymous_7)","decl":{"start":{"line":95,"column":2},"end":{"line":95,"column":7}},"loc":{"start":{"line":95,"column":12},"end":{"line":98,"column":3}}}},"branchMap":{"0":{"loc":{"start":{"line":17,"column":14},"end":{"line":17,"column":67}},"type":"default-arg","locations":[{"start":{"line":17,"column":32},"end":{"line":17,"column":67}}]},"1":{"loc":{"start":{"line":26,"column":4},"end":{"line":36,"column":5}},"type":"if","locations":[{"start":{"line":26,"column":4},"end":{"line":36,"column":5}}]},"2":{"loc":{"start":{"line":75,"column":4},"end":{"line":82,"column":5}},"type":"if","locations":[{"start":{"line":75,"column":4},"end":{"line":82,"column":5}}]}},"s":{"0":1,"1":1,"2":1,"3":1,"4":1,"5":8,"6":8,"7":12,"8":7,"9":7,"10":12,"11":6,"12":6,"13":6,"14":6,"15":1,"16":1,"17":1,"18":2,"19":8,"20":1,"21":1,"22":1,"23":0,"24":7,"25":7,"26":7,"27":1},"f":{"0":8,"1":12,"2":6,"3":1,"4":2,"5":8,"6":7},"b":{"0":[0],"1":[7],"2":[1]}}
,"C:\\Home\\CodeProjects\\overleaf-cc\\packages\\mirror-server\\src\\config\\types.ts": {"path":"C:\\Home\\CodeProjects\\overleaf-cc\\packages\\mirror-server\\src\\config\\types.ts","statementMap":{"0":{"start":{"line":34,"column":4},"end":{"line":34,"column":59}},"1":{"start":{"line":35,"column":4},"end":{"line":35,"column":45}},"2":{"start":{"line":32,"column":0},"end":{"line":32,"column":13}}},"fnMap":{"0":{"name":"(anonymous_0)","decl":{"start":{"line":33,"column":2},"end":{"line":33,"column":14}},"loc":{"start":{"line":33,"column":31},"end":{"line":36,"column":3}}}},"branchMap":{},"s":{"0":0,"1":0,"2":0},"f":{"0":0},"b":{}}
,"C:\\Home\\CodeProjects\\overleaf-cc\\packages\\mirror-server\\src\\filesystem\\filter.ts": {"path":"C:\\Home\\CodeProjects\\overleaf-cc\\packages\\mirror-server\\src\\filesystem\\filter.ts","statementMap":{"0":{"start":{"line":50,"column":0},"end":{"line":50,"column":16}},"1":{"start":{"line":6,"column":13},"end":{"line":45,"column":3}},"2":{"start":{"line":51,"column":14},"end":{"line":51,"column":36}},"3":{"start":{"line":53,"column":23},"end":{"line":53,"column":43}},"4":{"start":{"line":54,"column":2},"end":{"line":56,"column":3}},"5":{"start":{"line":55,"column":4},"end":{"line":55,"column":17}},"6":{"start":{"line":57,"column":20},"end":{"line":57,"column":47}},"7":{"start":{"line":58,"column":2},"end":{"line":58,"column":44}}},"fnMap":{"0":{"name":"shouldSyncFile","decl":{"start":{"line":50,"column":16},"end":{"line":50,"column":30}},"loc":{"start":{"line":50,"column":47},"end":{"line":59,"column":1}}}},"branchMap":{"0":{"loc":{"start":{"line":54,"column":2},"end":{"line":56,"column":3}},"type":"if","locations":[{"start":{"line":54,"column":2},"end":{"line":56,"column":3}}]}},"s":{"0":2,"1":2,"2":26,"3":26,"4":26,"5":1,"6":25,"7":25},"f":{"0":26},"b":{"0":[1]}}
,"C:\\Home\\CodeProjects\\overleaf-cc\\packages\\mirror-server\\src\\filesystem\\manager.ts": {"path":"C:\\Home\\CodeProjects\\overleaf-cc\\packages\\mirror-server\\src\\filesystem\\manager.ts","statementMap":{"0":{"start":{"line":1,"column":0},"end":{"line":1,"column":26}},"1":{"start":{"line":2,"column":0},"end":{"line":2,"column":28}},"2":{"start":{"line":3,"column":0},"end":{"line":3,"column":42}},"3":{"start":{"line":6,"column":22},"end":{"line":6,"column":40}},"4":{"start":{"line":9,"column":4},"end":{"line":11,"column":5}},"5":{"start":{"line":10,"column":6},"end":{"line":10,"column":67}},"6":{"start":{"line":13,"column":21},"end":{"line":13,"column":48}},"7":{"start":{"line":14,"column":4},"end":{"line":14,"column":34}},"8":{"start":{"line":15,"column":4},"end":{"line":15,"column":51}},"9":{"start":{"line":19,"column":21},"end":{"line":19,"column":48}},"10":{"start":{"line":20,"column":19},"end":{"line":20,"column":48}},"11":{"start":{"line":22,"column":4},"end":{"line":24,"column":5}},"12":{"start":{"line":23,"column":6},"end":{"line":23,"column":54}},"13":{"start":{"line":26,"column":4},"end":{"line":26,"column":51}},"14":{"start":{"line":30,"column":21},"end":{"line":30,"column":48}},"15":{"start":{"line":31,"column":19},"end":{"line":31,"column":48}},"16":{"start":{"line":33,"column":4},"end":{"line":35,"column":5}},"17":{"start":{"line":34,"column":6},"end":{"line":34,"column":54}},"18":{"start":{"line":37,"column":4},"end":{"line":37,"column":48}},"19":{"start":{"line":41,"column":21},"end":{"line":41,"column":48}},"20":{"start":{"line":42,"column":4},"end":{"line":42,"column":30}},"21":{"start":{"line":46,"column":4},"end":{"line":48,"column":5}},"22":{"start":{"line":47,"column":6},"end":{"line":47,"column":70}},"23":{"start":{"line":50,"column":24},"end":{"line":50,"column":54}},"24":{"start":{"line":51,"column":24},"end":{"line":51,"column":54}},"25":{"start":{"line":53,"column":19},"end":{"line":53,"column":51}},"26":{"start":{"line":54,"column":4},"end":{"line":56,"column":5}},"27":{"start":{"line":55,"column":6},"end":{"line":55,"column":64}},"28":{"start":{"line":58,"column":4},"end":{"line":58,"column":44}},"29":{"start":{"line":62,"column":21},"end":{"line":62,"column":48}},"30":{"start":{"line":63,"column":4},"end":{"line":63,"column":41}},"31":{"start":{"line":67,"column":4},"end":{"line":67,"column":27}},"32":{"start":{"line":5,"column":0},"end":{"line":5,"column":13}}},"fnMap":{"0":{"name":"(anonymous_1)","decl":{"start":{"line":6,"column":2},"end":{"line":6,"column":22}},"loc":{"start":{"line":6,"column":40},"end":{"line":6,"column":44}}},"1":{"name":"(anonymous_2)","decl":{"start":{"line":8,"column":2},"end":{"line":8,"column":7}},"loc":{"start":{"line":8,"column":48},"end":{"line":16,"column":3}}},"2":{"name":"(anonymous_3)","decl":{"start":{"line":18,"column":2},"end":{"line":18,"column":7}},"loc":{"start":{"line":18,"column":48},"end":{"line":27,"column":3}}},"3":{"name":"(anonymous_4)","decl":{"start":{"line":29,"column":2},"end":{"line":29,"column":7}},"loc":{"start":{"line":29,"column":29},"end":{"line":38,"column":3}}},"4":{"name":"(anonymous_5)","decl":{"start":{"line":40,"column":2},"end":{"line":40,"column":7}},"loc":{"start":{"line":40,"column":31},"end":{"line":43,"column":3}}},"5":{"name":"(anonymous_6)","decl":{"start":{"line":45,"column":2},"end":{"line":45,"column":7}},"loc":{"start":{"line":45,"column":51},"end":{"line":59,"column":3}}},"6":{"name":"(anonymous_7)","decl":{"start":{"line":61,"column":2},"end":{"line":61,"column":7}},"loc":{"start":{"line":61,"column":31},"end":{"line":64,"column":3}}},"7":{"name":"(anonymous_8)","decl":{"start":{"line":66,"column":2},"end":{"line":66,"column":15}},"loc":{"start":{"line":66,"column":15},"end":{"line":68,"column":3}}}},"branchMap":{"0":{"loc":{"start":{"line":9,"column":4},"end":{"line":11,"column":5}},"type":"if","locations":[{"start":{"line":9,"column":4},"end":{"line":11,"column":5}}]},"1":{"loc":{"start":{"line":22,"column":4},"end":{"line":24,"column":5}},"type":"if","locations":[{"start":{"line":22,"column":4},"end":{"line":24,"column":5}}]},"2":{"loc":{"start":{"line":33,"column":4},"end":{"line":35,"column":5}},"type":"if","locations":[{"start":{"line":33,"column":4},"end":{"line":35,"column":5}}]},"3":{"loc":{"start":{"line":46,"column":4},"end":{"line":48,"column":5}},"type":"if","locations":[{"start":{"line":46,"column":4},"end":{"line":48,"column":5}}]},"4":{"loc":{"start":{"line":54,"column":4},"end":{"line":56,"column":5}},"type":"if","locations":[{"start":{"line":54,"column":4},"end":{"line":56,"column":5}}]}},"s":{"0":1,"1":1,"2":1,"3":12,"4":9,"5":1,"6":8,"7":8,"8":8,"9":2,"10":2,"11":2,"12":1,"13":1,"14":2,"15":2,"16":2,"17":1,"18":1,"19":1,"20":1,"21":3,"22":1,"23":2,"24":2,"25":2,"26":2,"27":1,"28":1,"29":2,"30":2,"31":0,"32":1},"f":{"0":12,"1":9,"2":2,"3":2,"4":1,"5":3,"6":2,"7":0},"b":{"0":[1],"1":[1],"2":[1],"3":[1],"4":[1]}}
,"C:\\Home\\CodeProjects\\overleaf-cc\\packages\\mirror-server\\src\\filesystem\\state.ts": {"path":"C:\\Home\\CodeProjects\\overleaf-cc\\packages\\mirror-server\\src\\filesystem\\state.ts","statementMap":{"0":{"start":{"line":1,"column":0},"end":{"line":1,"column":26}},"1":{"start":{"line":2,"column":0},"end":{"line":2,"column":28}},"2":{"start":{"line":5,"column":23},"end":{"line":5,"column":45}},"3":{"start":{"line":9,"column":39},"end":{"line":9,"column":43}},"4":{"start":{"line":10,"column":24},"end":{"line":10,"column":29}},"5":{"start":{"line":13,"column":12},"end":{"line":13,"column":30}},"6":{"start":{"line":14,"column":12},"end":{"line":14,"column":29}},"7":{"start":{"line":16,"column":4},"end":{"line":16,"column":54}},"8":{"start":{"line":20,"column":4},"end":{"line":20,"column":33}},"9":{"start":{"line":20,"column":26},"end":{"line":20,"column":33}},"10":{"start":{"line":22,"column":19},"end":{"line":22,"column":54}},"11":{"start":{"line":24,"column":4},"end":{"line":35,"column":5}},"12":{"start":{"line":25,"column":6},"end":{"line":31,"column":8}},"13":{"start":{"line":32,"column":6},"end":{"line":32,"column":24}},"14":{"start":{"line":34,"column":6},"end":{"line":34,"column":24}},"15":{"start":{"line":36,"column":4},"end":{"line":36,"column":28}},"16":{"start":{"line":40,"column":4},"end":{"line":47,"column":5}},"17":{"start":{"line":41,"column":6},"end":{"line":46,"column":7}},"18":{"start":{"line":42,"column":24},"end":{"line":42,"column":66}},"19":{"start":{"line":43,"column":8},"end":{"line":43,"column":41}},"20":{"start":{"line":45,"column":8},"end":{"line":45,"column":81}},"21":{"start":{"line":48,"column":4},"end":{"line":48,"column":23}},"22":{"start":{"line":52,"column":4},"end":{"line":54,"column":5}},"23":{"start":{"line":53,"column":6},"end":{"line":53,"column":47}},"24":{"start":{"line":55,"column":4},"end":{"line":55,"column":76}},"25":{"start":{"line":59,"column":4},"end":{"line":61,"column":5}},"26":{"start":{"line":60,"column":6},"end":{"line":60,"column":30}},"27":{"start":{"line":62,"column":18},"end":{"line":62,"column":35}},"28":{"start":{"line":63,"column":4},"end":{"line":63,"column":39}},"29":{"start":{"line":64,"column":4},"end":{"line":64,"column":22}},"30":{"start":{"line":68,"column":4},"end":{"line":70,"column":5}},"31":{"start":{"line":69,"column":6},"end":{"line":69,"column":30}},"32":{"start":{"line":71,"column":18},"end":{"line":71,"column":35}},"33":{"start":{"line":72,"column":4},"end":{"line":72,"column":40}},"34":{"start":{"line":73,"column":4},"end":{"line":73,"column":22}},"35":{"start":{"line":77,"column":4},"end":{"line":79,"column":5}},"36":{"start":{"line":78,"column":6},"end":{"line":78,"column":30}},"37":{"start":{"line":80,"column":18},"end":{"line":80,"column":35}},"38":{"start":{"line":81,"column":4},"end":{"line":81,"column":36}},"39":{"start":{"line":85,"column":4},"end":{"line":87,"column":5}},"40":{"start":{"line":86,"column":6},"end":{"line":86,"column":30}},"41":{"start":{"line":88,"column":18},"end":{"line":88,"column":35}},"42":{"start":{"line":89,"column":4},"end":{"line":89,"column":37}},"43":{"start":{"line":93,"column":4},"end":{"line":95,"column":5}},"44":{"start":{"line":94,"column":6},"end":{"line":94,"column":30}},"45":{"start":{"line":96,"column":18},"end":{"line":96,"column":50}},"46":{"start":{"line":97,"column":19},"end":{"line":97,"column":52}},"47":{"start":{"line":98,"column":4},"end":{"line":98,"column":75}},"48":{"start":{"line":102,"column":4},"end":{"line":104,"column":5}},"49":{"start":{"line":103,"column":6},"end":{"line":103,"column":30}},"50":{"start":{"line":105,"column":18},"end":{"line":105,"column":35}},"51":{"start":{"line":106,"column":4},"end":{"line":106,"column":33}},"52":{"start":{"line":107,"column":4},"end":{"line":107,"column":22}},"53":{"start":{"line":111,"column":4},"end":{"line":113,"column":5}},"54":{"start":{"line":112,"column":6},"end":{"line":112,"column":30}},"55":{"start":{"line":114,"column":18},"end":{"line":114,"column":35}},"56":{"start":{"line":115,"column":4},"end":{"line":115,"column":29}},"57":{"start":{"line":119,"column":4},"end":{"line":121,"column":5}},"58":{"start":{"line":120,"column":6},"end":{"line":120,"column":30}},"59":{"start":{"line":122,"column":18},"end":{"line":122,"column":35}},"60":{"start":{"line":123,"column":4},"end":{"line":123,"column":39}},"61":{"start":{"line":124,"column":4},"end":{"line":124,"column":22}},"62":{"start":{"line":128,"column":4},"end":{"line":130,"column":5}},"63":{"start":{"line":129,"column":6},"end":{"line":129,"column":30}},"64":{"start":{"line":131,"column":18},"end":{"line":131,"column":35}},"65":{"start":{"line":132,"column":4},"end":{"line":132,"column":32}},"66":{"start":{"line":133,"column":4},"end":{"line":133,"column":22}},"67":{"start":{"line":7,"column":0},"end":{"line":7,"column":13}}},"fnMap":{"0":{"name":"(anonymous_1)","decl":{"start":{"line":12,"column":2},"end":{"line":12,"column":null}},"loc":{"start":{"line":14,"column":29},"end":{"line":17,"column":3}}},"1":{"name":"(anonymous_2)","decl":{"start":{"line":19,"column":2},"end":{"line":19,"column":7}},"loc":{"start":{"line":19,"column":18},"end":{"line":37,"column":3}}},"2":{"name":"(anonymous_3)","decl":{"start":{"line":39,"column":2},"end":{"line":39,"column":7}},"loc":{"start":{"line":39,"column":12},"end":{"line":49,"column":3}}},"3":{"name":"(anonymous_4)","decl":{"start":{"line":51,"column":10},"end":{"line":51,"column":15}},"loc":{"start":{"line":51,"column":20},"end":{"line":56,"column":3}}},"4":{"name":"(anonymous_5)","decl":{"start":{"line":58,"column":2},"end":{"line":58,"column":7}},"loc":{"start":{"line":58,"column":56},"end":{"line":65,"column":3}}},"5":{"name":"(anonymous_6)","decl":{"start":{"line":67,"column":2},"end":{"line":67,"column":7}},"loc":{"start":{"line":67,"column":57},"end":{"line":74,"column":3}}},"6":{"name":"(anonymous_7)","decl":{"start":{"line":76,"column":2},"end":{"line":76,"column":7}},"loc":{"start":{"line":76,"column":36},"end":{"line":82,"column":3}}},"7":{"name":"(anonymous_8)","decl":{"start":{"line":84,"column":2},"end":{"line":84,"column":7}},"loc":{"start":{"line":84,"column":37},"end":{"line":90,"column":3}}},"8":{"name":"(anonymous_9)","decl":{"start":{"line":92,"column":2},"end":{"line":92,"column":7}},"loc":{"start":{"line":92,"column":32},"end":{"line":99,"column":3}}},"9":{"name":"(anonymous_10)","decl":{"start":{"line":101,"column":2},"end":{"line":101,"column":7}},"loc":{"start":{"line":101,"column":44},"end":{"line":108,"column":3}}},"10":{"name":"(anonymous_11)","decl":{"start":{"line":110,"column":2},"end":{"line":110,"column":7}},"loc":{"start":{"line":110,"column":22},"end":{"line":116,"column":3}}},"11":{"name":"(anonymous_12)","decl":{"start":{"line":118,"column":2},"end":{"line":118,"column":7}},"loc":{"start":{"line":118,"column":39},"end":{"line":125,"column":3}}},"12":{"name":"(anonymous_13)","decl":{"start":{"line":127,"column":2},"end":{"line":127,"column":7}},"loc":{"start":{"line":127,"column":22},"end":{"line":134,"column":3}}}},"branchMap":{"0":{"loc":{"start":{"line":20,"column":4},"end":{"line":20,"column":33}},"type":"if","locations":[{"start":{"line":20,"column":4},"end":{"line":20,"column":33}}]},"1":{"loc":{"start":{"line":24,"column":4},"end":{"line":35,"column":5}},"type":"if","locations":[{"start":{"line":24,"column":4},"end":{"line":35,"column":5}},{"start":{"line":33,"column":11},"end":{"line":35,"column":5}}]},"2":{"loc":{"start":{"line":40,"column":4},"end":{"line":47,"column":5}},"type":"if","locations":[{"start":{"line":40,"column":4},"end":{"line":47,"column":5}}]},"3":{"loc":{"start":{"line":52,"column":4},"end":{"line":54,"column":5}},"type":"if","locations":[{"start":{"line":52,"column":4},"end":{"line":54,"column":5}}]},"4":{"loc":{"start":{"line":59,"column":4},"end":{"line":61,"column":5}},"type":"if","locations":[{"start":{"line":59,"column":4},"end":{"line":61,"column":5}}]},"5":{"loc":{"start":{"line":68,"column":4},"end":{"line":70,"column":5}},"type":"if","locations":[{"start":{"line":68,"column":4},"end":{"line":70,"column":5}}]},"6":{"loc":{"start":{"line":77,"column":4},"end":{"line":79,"column":5}},"type":"if","locations":[{"start":{"line":77,"column":4},"end":{"line":79,"column":5}}]},"7":{"loc":{"start":{"line":85,"column":4},"end":{"line":87,"column":5}},"type":"if","locations":[{"start":{"line":85,"column":4},"end":{"line":87,"column":5}}]},"8":{"loc":{"start":{"line":93,"column":4},"end":{"line":95,"column":5}},"type":"if","locations":[{"start":{"line":93,"column":4},"end":{"line":95,"column":5}}]},"9":{"loc":{"start":{"line":98,"column":11},"end":{"line":98,"column":74}},"type":"binary-expr","locations":[{"start":{"line":98,"column":11},"end":{"line":98,"column":30}},{"start":{"line":98,"column":34},"end":{"line":98,"column":54}},{"start":{"line":98,"column":58},"end":{"line":98,"column":74}}]},"10":{"loc":{"start":{"line":102,"column":4},"end":{"line":104,"column":5}},"type":"if","locations":[{"start":{"line":102,"column":4},"end":{"line":104,"column":5}}]},"11":{"loc":{"start":{"line":111,"column":4},"end":{"line":113,"column":5}},"type":"if","locations":[{"start":{"line":111,"column":4},"end":{"line":113,"column":5}}]},"12":{"loc":{"start":{"line":119,"column":4},"end":{"line":121,"column":5}},"type":"if","locations":[{"start":{"line":119,"column":4},"end":{"line":121,"column":5}}]},"13":{"loc":{"start":{"line":128,"column":4},"end":{"line":130,"column":5}},"type":"if","locations":[{"start":{"line":128,"column":4},"end":{"line":130,"column":5}}]}},"s":{"0":1,"1":1,"2":1,"3":10,"4":10,"5":10,"6":10,"7":10,"8":12,"9":0,"10":12,"11":12,"12":11,"13":11,"14":1,"15":11,"16":19,"17":1,"18":1,"19":1,"20":1,"21":18,"22":18,"23":0,"24":18,"25":3,"26":1,"27":3,"28":3,"29":3,"30":2,"31":0,"32":2,"33":2,"34":2,"35":3,"36":1,"37":3,"38":3,"39":2,"40":0,"41":2,"42":2,"43":2,"44":1,"45":2,"46":2,"47":2,"48":2,"49":1,"50":2,"51":2,"52":2,"53":0,"54":0,"55":0,"56":0,"57":0,"58":0,"59":0,"60":0,"61":0,"62":0,"63":0,"64":0,"65":0,"66":0,"67":1},"f":{"0":10,"1":12,"2":19,"3":18,"4":3,"5":2,"6":3,"7":2,"8":2,"9":2,"10":0,"11":0,"12":0},"b":{"0":[0],"1":[11,1],"2":[1],"3":[0],"4":[1],"5":[0],"6":[1],"7":[0],"8":[1],"9":[2,1,1],"10":[1],"11":[0],"12":[0],"13":[0]}}
,"C:\\Home\\CodeProjects\\overleaf-cc\\packages\\mirror-server\\src\\filesystem\\watcher.ts": {"path":"C:\\Home\\CodeProjects\\overleaf-cc\\packages\\mirror-server\\src\\filesystem\\watcher.ts","statementMap":{"0":{"start":{"line":1,"column":0},"end":{"line":1,"column":32}},"1":{"start":{"line":2,"column":0},"end":{"line":2,"column":28}},"2":{"start":{"line":3,"column":0},"end":{"line":3,"column":29}},"3":{"start":{"line":10,"column":47},"end":{"line":10,"column":51}},"4":{"start":{"line":12,"column":22},"end":{"line":12,"column":39}},"5":{"start":{"line":18,"column":23},"end":{"line":18,"column":73}},"6":{"start":{"line":20,"column":4},"end":{"line":20,"column":67}},"7":{"start":{"line":22,"column":4},"end":{"line":26,"column":7}},"8":{"start":{"line":28,"column":4},"end":{"line":43,"column":9}},"9":{"start":{"line":30,"column":8},"end":{"line":30,"column":57}},"10":{"start":{"line":34,"column":8},"end":{"line":34,"column":60}},"11":{"start":{"line":38,"column":8},"end":{"line":38,"column":59}},"12":{"start":{"line":42,"column":8},"end":{"line":42,"column":63}},"13":{"start":{"line":50,"column":4},"end":{"line":54,"column":5}},"14":{"start":{"line":51,"column":6},"end":{"line":51,"column":27}},"15":{"start":{"line":52,"column":6},"end":{"line":52,"column":26}},"16":{"start":{"line":53,"column":6},"end":{"line":53,"column":52}},"17":{"start":{"line":9,"column":0},"end":{"line":9,"column":13}}},"fnMap":{"0":{"name":"(anonymous_1)","decl":{"start":{"line":12,"column":2},"end":{"line":12,"column":22}},"loc":{"start":{"line":12,"column":39},"end":{"line":12,"column":43}}},"1":{"name":"(anonymous_2)","decl":{"start":{"line":17,"column":2},"end":{"line":17,"column":7}},"loc":{"start":{"line":17,"column":13},"end":{"line":44,"column":3}}},"2":{"name":"(anonymous_3)","decl":{"start":{"line":29,"column":17},"end":{"line":29,"column":18}},"loc":{"start":{"line":29,"column":26},"end":{"line":32,"column":7}}},"3":{"name":"(anonymous_4)","decl":{"start":{"line":33,"column":20},"end":{"line":33,"column":21}},"loc":{"start":{"line":33,"column":29},"end":{"line":36,"column":7}}},"4":{"name":"(anonymous_5)","decl":{"start":{"line":37,"column":20},"end":{"line":37,"column":21}},"loc":{"start":{"line":37,"column":29},"end":{"line":40,"column":7}}},"5":{"name":"(anonymous_6)","decl":{"start":{"line":41,"column":19},"end":{"line":41,"column":20}},"loc":{"start":{"line":41,"column":29},"end":{"line":43,"column":7}}},"6":{"name":"(anonymous_7)","decl":{"start":{"line":49,"column":2},"end":{"line":49,"column":6}},"loc":{"start":{"line":49,"column":6},"end":{"line":55,"column":3}}}},"branchMap":{"0":{"loc":{"start":{"line":50,"column":4},"end":{"line":54,"column":5}},"type":"if","locations":[{"start":{"line":50,"column":4},"end":{"line":54,"column":5}}]}},"s":{"0":0,"1":0,"2":0,"3":0,"4":0,"5":0,"6":0,"7":0,"8":0,"9":0,"10":0,"11":0,"12":0,"13":0,"14":0,"15":0,"16":0,"17":0},"f":{"0":0,"1":0,"2":0,"3":0,"4":0,"5":0,"6":0},"b":{"0":[0]}}
,"C:\\Home\\CodeProjects\\overleaf-cc\\packages\\mirror-server\\src\\handlers\\edit-monitor.ts": {"path":"C:\\Home\\CodeProjects\\overleaf-cc\\packages\\mirror-server\\src\\handlers\\edit-monitor.ts","statementMap":{"0":{"start":{"line":3,"column":0},"end":{"line":3,"column":16}},"1":{"start":{"line":38,"column":0},"end":{"line":38,"column":16}},"2":{"start":{"line":4,"column":31},"end":{"line":4,"column":38}},"3":{"start":{"line":5,"column":51},"end":{"line":5,"column":55}},"4":{"start":{"line":7,"column":2},"end":{"line":7,"column":37}},"5":{"start":{"line":8,"column":2},"end":{"line":8,"column":68}},"6":{"start":{"line":9,"column":2},"end":{"line":9,"column":43}},"7":{"start":{"line":10,"column":2},"end":{"line":10,"column":35}},"8":{"start":{"line":11,"column":2},"end":{"line":11,"column":37}},"9":{"start":{"line":13,"column":2},"end":{"line":17,"column":3}},"10":{"start":{"line":14,"column":4},"end":{"line":14,"column":42}},"11":{"start":{"line":15,"column":4},"end":{"line":15,"column":44}},"12":{"start":{"line":16,"column":4},"end":{"line":16,"column":77}},"13":{"start":{"line":19,"column":2},"end":{"line":19,"column":33}},"14":{"start":{"line":20,"column":2},"end":{"line":32,"column":3}},"15":{"start":{"line":21,"column":4},"end":{"line":21,"column":39}},"16":{"start":{"line":23,"column":4},"end":{"line":31,"column":7}},"17":{"start":{"line":24,"column":6},"end":{"line":30,"column":7}},"18":{"start":{"line":25,"column":8},"end":{"line":25,"column":78}},"19":{"start":{"line":26,"column":13},"end":{"line":30,"column":7}},"20":{"start":{"line":27,"column":8},"end":{"line":27,"column":78}},"21":{"start":{"line":28,"column":13},"end":{"line":30,"column":7}},"22":{"start":{"line":29,"column":8},"end":{"line":29,"column":75}},"23":{"start":{"line":34,"column":2},"end":{"line":34,"column":37}},"24":{"start":{"line":39,"column":2},"end":{"line":44,"column":16}},"25":{"start":{"line":40,"column":4},"end":{"line":40,"column":61}},"26":{"start":{"line":40,"column":19},"end":{"line":40,"column":61}},"27":{"start":{"line":41,"column":4},"end":{"line":41,"column":61}},"28":{"start":{"line":41,"column":19},"end":{"line":41,"column":61}},"29":{"start":{"line":42,"column":4},"end":{"line":42,"column":37}},"30":{"start":{"line":42,"column":19},"end":{"line":42,"column":37}},"31":{"start":{"line":43,"column":4},"end":{"line":43,"column":30}}},"fnMap":{"0":{"name":"handleEditMonitor","decl":{"start":{"line":3,"column":16},"end":{"line":3,"column":33}},"loc":{"start":{"line":3,"column":59},"end":{"line":35,"column":1}}},"1":{"name":"(anonymous_1)","decl":{"start":{"line":23,"column":16},"end":{"line":23,"column":17}},"loc":{"start":{"line":23,"column":52},"end":{"line":31,"column":5}}},"2":{"name":"formatOps","decl":{"start":{"line":38,"column":16},"end":{"line":38,"column":25}},"loc":{"start":{"line":38,"column":45},"end":{"line":45,"column":1}}},"3":{"name":"(anonymous_3)","decl":{"start":{"line":39,"column":17},"end":{"line":39,"column":19}},"loc":{"start":{"line":39,"column":22},"end":{"line":44,"column":3}}}},"branchMap":{"0":{"loc":{"start":{"line":8,"column":48},"end":{"line":8,"column":66}},"type":"binary-expr","locations":[{"start":{"line":8,"column":48},"end":{"line":8,"column":56}},{"start":{"line":8,"column":60},"end":{"line":8,"column":66}}]},"1":{"loc":{"start":{"line":13,"column":2},"end":{"line":17,"column":3}},"type":"if","locations":[{"start":{"line":13,"column":2},"end":{"line":17,"column":3}}]},"2":{"loc":{"start":{"line":20,"column":2},"end":{"line":32,"column":3}},"type":"if","locations":[{"start":{"line":20,"column":2},"end":{"line":32,"column":3}},{"start":{"line":22,"column":9},"end":{"line":32,"column":3}}]},"3":{"loc":{"start":{"line":24,"column":6},"end":{"line":30,"column":7}},"type":"if","locations":[{"start":{"line":24,"column":6},"end":{"line":30,"column":7}},{"start":{"line":26,"column":13},"end":{"line":30,"column":7}}]},"4":{"loc":{"start":{"line":26,"column":13},"end":{"line":30,"column":7}},"type":"if","locations":[{"start":{"line":26,"column":13},"end":{"line":30,"column":7}},{"start":{"line":28,"column":13},"end":{"line":30,"column":7}}]},"5":{"loc":{"start":{"line":28,"column":13},"end":{"line":30,"column":7}},"type":"if","locations":[{"start":{"line":28,"column":13},"end":{"line":30,"column":7}}]},"6":{"loc":{"start":{"line":40,"column":4},"end":{"line":40,"column":61}},"type":"if","locations":[{"start":{"line":40,"column":4},"end":{"line":40,"column":61}}]},"7":{"loc":{"start":{"line":41,"column":4},"end":{"line":41,"column":61}},"type":"if","locations":[{"start":{"line":41,"column":4},"end":{"line":41,"column":61}}]},"8":{"loc":{"start":{"line":42,"column":4},"end":{"line":42,"column":37}},"type":"if","locations":[{"start":{"line":42,"column":4},"end":{"line":42,"column":37}}]}},"s":{"0":0,"1":0,"2":0,"3":0,"4":0,"5":0,"6":0,"7":0,"8":0,"9":0,"10":0,"11":0,"12":0,"13":0,"14":0,"15":0,"16":0,"17":0,"18":0,"19":0,"20":0,"21":0,"22":0,"23":0,"24":0,"25":0,"26":0,"27":0,"28":0,"29":0,"30":0,"31":0},"f":{"0":0,"1":0,"2":0,"3":0},"b":{"0":[0,0],"1":[0],"2":[0,0],"3":[0,0],"4":[0,0],"5":[0],"6":[0],"7":[0],"8":[0]}}
,"C:\\Home\\CodeProjects\\overleaf-cc\\packages\\mirror-server\\src\\handlers\\index.ts": {"path":"C:\\Home\\CodeProjects\\overleaf-cc\\packages\\mirror-server\\src\\handlers\\index.ts","statementMap":{"0":{"start":{"line":1,"column":0},"end":{"line":1,"column":9}},"1":{"start":{"line":1,"column":9},"end":{"line":1,"column":28}},"2":{"start":{"line":1,"column":28},"end":{"line":1,"column":62}}},"fnMap":{"0":{"name":"(anonymous_0)","decl":{"start":{"line":1,"column":9},"end":{"line":1,"column":26}},"loc":{"start":{"line":1,"column":9},"end":{"line":1,"column":28}}},"1":{"name":"(anonymous_1)","decl":{"start":{"line":1,"column":28},"end":{"line":1,"column":37}},"loc":{"start":{"line":1,"column":28},"end":{"line":1,"column":62}}}},"branchMap":{},"s":{"0":0,"1":0,"2":0},"f":{"0":0,"1":0},"b":{}}
}
