{"C:\\Home\\CodeProjects\\overleaf-cc\\packages\\mirror-server\\src\\filesystem\\manager.ts": {"path":"C:\\Home\\CodeProjects\\overleaf-cc\\packages\\mirror-server\\src\\filesystem\\manager.ts","statementMap":{"0":{"start":{"line":1,"column":0},"end":{"line":1,"column":26}},"1":{"start":{"line":2,"column":0},"end":{"line":2,"column":28}},"2":{"start":{"line":3,"column":0},"end":{"line":3,"column":42}},"3":{"start":{"line":6,"column":22},"end":{"line":6,"column":40}},"4":{"start":{"line":9,"column":4},"end":{"line":11,"column":5}},"5":{"start":{"line":10,"column":6},"end":{"line":10,"column":67}},"6":{"start":{"line":13,"column":21},"end":{"line":13,"column":48}},"7":{"start":{"line":14,"column":4},"end":{"line":14,"column":34}},"8":{"start":{"line":15,"column":4},"end":{"line":15,"column":51}},"9":{"start":{"line":19,"column":21},"end":{"line":19,"column":48}},"10":{"start":{"line":20,"column":19},"end":{"line":20,"column":48}},"11":{"start":{"line":22,"column":4},"end":{"line":24,"column":5}},"12":{"start":{"line":23,"column":6},"end":{"line":23,"column":54}},"13":{"start":{"line":26,"column":4},"end":{"line":26,"column":51}},"14":{"start":{"line":30,"column":21},"end":{"line":30,"column":48}},"15":{"start":{"line":31,"column":4},"end":{"line":31,"column":48}},"16":{"start":{"line":35,"column":21},"end":{"line":35,"column":48}},"17":{"start":{"line":36,"column":4},"end":{"line":36,"column":30}},"18":{"start":{"line":40,"column":24},"end":{"line":40,"column":54}},"19":{"start":{"line":41,"column":24},"end":{"line":41,"column":54}},"20":{"start":{"line":42,"column":4},"end":{"line":42,"column":44}},"21":{"start":{"line":46,"column":21},"end":{"line":46,"column":48}},"22":{"start":{"line":47,"column":4},"end":{"line":47,"column":41}},"23":{"start":{"line":51,"column":4},"end":{"line":51,"column":27}},"24":{"start":{"line":5,"column":0},"end":{"line":5,"column":13}}},"fnMap":{"0":{"name":"(anonymous_1)","decl":{"start":{"line":6,"column":2},"end":{"line":6,"column":22}},"loc":{"start":{"line":6,"column":40},"end":{"line":6,"column":44}}},"1":{"name":"(anonymous_2)","decl":{"start":{"line":8,"column":2},"end":{"line":8,"column":7}},"loc":{"start":{"line":8,"column":48},"end":{"line":16,"column":3}}},"2":{"name":"(anonymous_3)","decl":{"start":{"line":18,"column":2},"end":{"line":18,"column":7}},"loc":{"start":{"line":18,"column":48},"end":{"line":27,"column":3}}},"3":{"name":"(anonymous_4)","decl":{"start":{"line":29,"column":2},"end":{"line":29,"column":7}},"loc":{"start":{"line":29,"column":29},"end":{"line":32,"column":3}}},"4":{"name":"(anonymous_5)","decl":{"start":{"line":34,"column":2},"end":{"line":34,"column":7}},"loc":{"start":{"line":34,"column":31},"end":{"line":37,"column":3}}},"5":{"name":"(anonymous_6)","decl":{"start":{"line":39,"column":2},"end":{"line":39,"column":7}},"loc":{"start":{"line":39,"column":51},"end":{"line":43,"column":3}}},"6":{"name":"(anonymous_7)","decl":{"start":{"line":45,"column":2},"end":{"line":45,"column":7}},"loc":{"start":{"line":45,"column":31},"end":{"line":48,"column":3}}},"7":{"name":"(anonymous_8)","decl":{"start":{"line":50,"column":2},"end":{"line":50,"column":15}},"loc":{"start":{"line":50,"column":15},"end":{"line":52,"column":3}}}},"branchMap":{"0":{"loc":{"start":{"line":9,"column":4},"end":{"line":11,"column":5}},"type":"if","locations":[{"start":{"line":9,"column":4},"end":{"line":11,"column":5}}]},"1":{"loc":{"start":{"line":22,"column":4},"end":{"line":24,"column":5}},"type":"if","locations":[{"start":{"line":22,"column":4},"end":{"line":24,"column":5}}]}},"s":{"0":1,"1":1,"2":1,"3":5,"4":5,"5":0,"6":5,"7":5,"8":5,"9":1,"10":1,"11":1,"12":0,"13":1,"14":0,"15":0,"16":1,"17":1,"18":1,"19":1,"20":1,"21":0,"22":0,"23":0,"24":1},"f":{"0":5,"1":5,"2":1,"3":0,"4":1,"5":1,"6":0,"7":0},"b":{"0":[0],"1":[0]}}
}
