TN:
SF:src\cli.ts
FN:16,(anonymous_0)
FN:20,(anonymous_1)
FNF:2
FNH:0
FNDA:0,(anonymous_0)
FNDA:0,(anonymous_1)
DA:2,0
DA:3,0
DA:5,0
DA:7,0
DA:12,0
DA:17,0
DA:18,0
DA:20,0
DA:21,0
DA:22,0
DA:23,0
DA:27,0
LF:12
LH:0
BRF:0
BRH:0
end_of_record
TN:
SF:src\client-connection.ts
FN:7,(anonymous_0)
FN:9,(anonymous_1)
FN:13,(anonymous_2)
FN:17,(anonymous_3)
FN:21,(anonymous_4)
FN:30,(anonymous_5)
FN:36,(anonymous_6)
FN:37,(anonymous_7)
FN:47,(anonymous_8)
FN:51,(anonymous_9)
FNF:10
FNH:0
FNDA:0,(anonymous_0)
FNDA:0,(anonymous_1)
FNDA:0,(anonymous_2)
FNDA:0,(anonymous_3)
FNDA:0,(anonymous_4)
FNDA:0,(anonymous_5)
FNDA:0,(anonymous_6)
FNDA:0,(anonymous_7)
FNDA:0,(anonymous_8)
FNDA:0,(anonymous_9)
DA:1,0
DA:4,0
DA:5,0
DA:7,0
DA:10,0
DA:14,0
DA:18,0
DA:22,0
DA:31,0
DA:32,0
DA:37,0
DA:38,0
DA:39,0
DA:40,0
DA:42,0
DA:48,0
DA:52,0
LF:17
LH:0
BRDA:31,0,0,0
BRF:1
BRH:0
end_of_record
TN:
SF:src\index.ts
FN:25,(anonymous_9)
FN:31,(anonymous_10)
FNF:2
FNH:0
FNDA:0,(anonymous_9)
FNDA:0,(anonymous_10)
DA:2,0
DA:3,0
DA:4,0
DA:7,0
DA:10,0
DA:11,0
DA:12,0
DA:15,0
DA:16,0
DA:17,0
DA:18,0
DA:19,0
DA:22,0
DA:25,0
DA:26,0
DA:27,0
DA:28,0
DA:31,0
DA:32,0
DA:33,0
DA:34,0
DA:37,0
LF:22
LH:0
BRDA:7,0,0,0
BRDA:7,0,1,0
BRDA:7,1,0,0
BRDA:7,1,1,0
BRDA:7,1,2,0
BRDA:10,2,0,0
BRF:6
BRH:0
end_of_record
TN:
SF:src\server.ts
FN:18,(anonymous_0)
FN:34,(anonymous_1)
FN:40,(anonymous_2)
FN:41,(anonymous_3)
FN:57,(anonymous_4)
FN:61,(anonymous_5)
FN:83,(anonymous_6)
FN:89,(anonymous_7)
FN:90,(anonymous_8)
FN:96,(anonymous_9)
FN:100,(anonymous_10)
FN:105,(anonymous_11)
FN:112,(anonymous_12)
FN:132,(anonymous_13)
FN:142,(anonymous_14)
FN:143,(anonymous_15)
FN:148,(anonymous_16)
FN:150,(anonymous_17)
FNF:18
FNH:0
FNDA:0,(anonymous_0)
FNDA:0,(anonymous_1)
FNDA:0,(anonymous_2)
FNDA:0,(anonymous_3)
FNDA:0,(anonymous_4)
FNDA:0,(anonymous_5)
FNDA:0,(anonymous_6)
FNDA:0,(anonymous_7)
FNDA:0,(anonymous_8)
FNDA:0,(anonymous_9)
FNDA:0,(anonymous_10)
FNDA:0,(anonymous_11)
FNDA:0,(anonymous_12)
FNDA:0,(anonymous_13)
FNDA:0,(anonymous_14)
FNDA:0,(anonymous_15)
FNDA:0,(anonymous_16)
FNDA:0,(anonymous_17)
DA:1,0
DA:3,0
DA:4,0
DA:5,0
DA:6,0
DA:10,0
DA:12,0
DA:15,0
DA:16,0
DA:20,0
DA:23,0
DA:26,0
DA:30,0
DA:33,0
DA:34,0
DA:35,0
DA:41,0
DA:43,0
DA:44,0
DA:45,0
DA:47,0
DA:48,0
DA:49,0
DA:50,0
DA:54,0
DA:55,0
DA:57,0
DA:58,0
DA:61,0
DA:62,0
DA:63,0
DA:66,0
DA:68,0
DA:69,0
DA:71,0
DA:72,0
DA:73,0
DA:77,0
DA:78,0
DA:86,0
DA:90,0
DA:91,0
DA:92,0
DA:94,0
DA:96,0
DA:97,0
DA:100,0
DA:101,0
DA:102,0
DA:105,0
DA:106,0
DA:107,0
DA:113,0
DA:115,0
DA:117,0
DA:119,0
DA:121,0
DA:122,0
DA:123,0
DA:125,0
DA:126,0
DA:129,0
DA:130,0
DA:131,0
DA:132,0
DA:133,0
DA:136,0
DA:138,0
DA:143,0
DA:150,0
DA:151,0
DA:153,0
DA:156,0
LF:73
LH:0
BRDA:20,0,0,0
BRDA:20,0,1,0
BRDA:33,1,0,0
BRDA:47,2,0,0
BRDA:54,3,0,0
BRDA:54,3,1,0
BRDA:54,4,0,0
BRDA:54,4,1,0
BRDA:115,5,0,0
BRDA:115,5,1,0
BRDA:115,5,2,0
BRDA:115,5,3,0
BRDA:129,6,0,0
BRF:13
BRH:0
end_of_record
TN:
SF:src\types.ts
FN:103,(anonymous_0)
FNF:1
FNH:0
FNDA:0,(anonymous_0)
DA:103,0
DA:104,0
DA:105,0
DA:106,0
DA:107,0
DA:108,0
DA:109,0
LF:7
LH:0
BRDA:103,0,0,0
BRDA:103,0,1,0
BRF:2
BRH:0
end_of_record
TN:
SF:src\api\index.ts
FN:1,(anonymous_4)
FNF:1
FNH:0
FNDA:0,(anonymous_4)
DA:1,0
DA:2,0
LF:2
LH:0
BRF:0
BRH:0
end_of_record
TN:
SF:src\api\overleaf-client.ts
FN:12,hasFilesArray
FN:22,(anonymous_2)
FN:30,(anonymous_3)
FN:89,(anonymous_4)
FN:122,(anonymous_5)
FN:150,(anonymous_6)
FN:166,(anonymous_7)
FN:168,(anonymous_8)
FNF:8
FNH:7
FNDA:0,hasFilesArray
FNDA:16,(anonymous_2)
FNDA:9,(anonymous_3)
FNDA:2,(anonymous_4)
FNDA:5,(anonymous_5)
FNDA:11,(anonymous_6)
FNDA:11,(anonymous_7)
FNDA:11,(anonymous_8)
DA:1,1
DA:2,1
DA:7,1
DA:13,0
DA:21,1
DA:23,16
DA:24,16
DA:32,9
DA:33,1
DA:35,8
DA:36,1
DA:39,7
DA:41,7
DA:43,6
DA:44,2
DA:45,2
DA:51,0
DA:59,4
DA:60,4
DA:62,1
DA:70,3
DA:76,1
DA:83,2
DA:91,2
DA:92,1
DA:95,1
DA:97,1
DA:99,1
DA:100,0
DA:107,1
DA:110,1
DA:111,1
DA:112,0
DA:113,0
DA:115,0
DA:124,5
DA:125,1
DA:127,4
DA:128,1
DA:131,3
DA:133,3
DA:135,3
DA:136,1
DA:143,2
DA:144,2
DA:154,11
DA:160,11
DA:167,11
DA:168,11
LF:49
LH:43
BRDA:14,0,0,0
BRDA:14,0,1,0
BRDA:14,0,2,0
BRDA:14,0,3,0
BRDA:24,1,0,16
BRDA:32,2,0,1
BRDA:32,3,0,9
BRDA:32,3,1,8
BRDA:35,4,0,1
BRDA:35,5,0,8
BRDA:35,5,1,7
BRDA:43,6,0,2
BRDA:44,7,0,2
BRDA:44,8,0,2
BRDA:44,8,1,1
BRDA:70,9,0,1
BRDA:71,10,0,3
BRDA:71,10,1,3
BRDA:71,10,2,3
BRDA:71,10,3,2
BRDA:91,11,0,1
BRDA:91,12,0,2
BRDA:91,12,1,1
BRDA:99,13,0,0
BRDA:110,14,0,1
BRDA:110,14,1,0
BRDA:112,15,0,0
BRDA:112,15,1,0
BRDA:124,16,0,1
BRDA:124,17,0,5
BRDA:124,17,1,4
BRDA:127,18,0,1
BRDA:127,19,0,4
BRDA:127,19,1,3
BRDA:135,20,0,1
BRDA:152,21,0,11
BRDA:155,22,0,11
BRDA:155,22,1,11
BRF:38
BRH:30
end_of_record
TN:
SF:src\api\types.ts
FN:17,(anonymous_0)
FNF:1
FNH:1
FNDA:5,(anonymous_0)
DA:16,1
DA:19,5
DA:20,5
DA:22,5
DA:23,5
LF:5
LH:5
BRF:0
BRH:0
end_of_record
TN:
SF:src\config\index.ts
FN:1,(anonymous_4)
FNF:1
FNH:0
FNDA:0,(anonymous_4)
DA:1,0
DA:2,0
LF:2
LH:0
BRF:0
BRH:0
end_of_record
TN:
SF:src\config\store.ts
FN:17,(anonymous_1)
FN:25,(anonymous_2)
FN:44,(anonymous_3)
FN:57,(anonymous_4)
FN:67,(anonymous_5)
FN:74,(anonymous_6)
FN:95,(anonymous_7)
FNF:7
FNH:7
FNDA:8,(anonymous_1)
FNDA:12,(anonymous_2)
FNDA:6,(anonymous_3)
FNDA:1,(anonymous_4)
FNDA:2,(anonymous_5)
FNDA:8,(anonymous_6)
FNDA:7,(anonymous_7)
DA:1,1
DA:2,1
DA:3,1
DA:10,1
DA:11,1
DA:13,1
DA:18,8
DA:19,8
DA:26,12
DA:28,7
DA:29,7
DA:38,12
DA:45,6
DA:46,6
DA:49,6
DA:51,6
DA:58,1
DA:59,1
DA:61,1
DA:68,2
DA:75,8
DA:76,1
DA:77,1
DA:78,1
DA:80,0
DA:85,7
DA:96,7
DA:97,7
LF:28
LH:27
BRDA:17,0,0,0
BRDA:26,1,0,7
BRDA:75,2,0,1
BRF:3
BRH:2
end_of_record
TN:
SF:src\config\types.ts
FN:33,(anonymous_0)
FNF:1
FNH:0
FNDA:0,(anonymous_0)
DA:32,0
DA:34,0
DA:35,0
LF:3
LH:0
BRF:0
BRH:0
end_of_record
TN:
SF:src\filesystem\filter.ts
FN:50,shouldSyncFile
FNF:1
FNH:1
FNDA:26,shouldSyncFile
DA:6,2
DA:50,2
DA:51,26
DA:53,26
DA:54,26
DA:55,1
DA:57,25
DA:58,25
LF:8
LH:8
BRDA:54,0,0,1
BRF:1
BRH:1
end_of_record
TN:
SF:src\filesystem\manager.ts
FN:6,(anonymous_1)
FN:8,(anonymous_2)
FN:18,(anonymous_3)
FN:29,(anonymous_4)
FN:40,(anonymous_5)
FN:45,(anonymous_6)
FN:61,(anonymous_7)
FN:66,(anonymous_8)
FNF:8
FNH:7
FNDA:12,(anonymous_1)
FNDA:9,(anonymous_2)
FNDA:2,(anonymous_3)
FNDA:2,(anonymous_4)
FNDA:1,(anonymous_5)
FNDA:3,(anonymous_6)
FNDA:2,(anonymous_7)
FNDA:0,(anonymous_8)
DA:1,1
DA:2,1
DA:3,1
DA:5,1
DA:6,12
DA:9,9
DA:10,1
DA:13,8
DA:14,8
DA:15,8
DA:19,2
DA:20,2
DA:22,2
DA:23,1
DA:26,1
DA:30,2
DA:31,2
DA:33,2
DA:34,1
DA:37,1
DA:41,1
DA:42,1
DA:46,3
DA:47,1
DA:50,2
DA:51,2
DA:53,2
DA:54,2
DA:55,1
DA:58,1
DA:62,2
DA:63,2
DA:67,0
LF:33
LH:32
BRDA:9,0,0,1
BRDA:22,1,0,1
BRDA:33,2,0,1
BRDA:46,3,0,1
BRDA:54,4,0,1
BRF:5
BRH:5
end_of_record
TN:
SF:src\filesystem\state.ts
FN:12,(anonymous_1)
FN:19,(anonymous_2)
FN:39,(anonymous_3)
FN:51,(anonymous_4)
FN:58,(anonymous_5)
FN:67,(anonymous_6)
FN:76,(anonymous_7)
FN:84,(anonymous_8)
FN:92,(anonymous_9)
FN:101,(anonymous_10)
FN:110,(anonymous_11)
FN:118,(anonymous_12)
FN:127,(anonymous_13)
FNF:13
FNH:10
FNDA:10,(anonymous_1)
FNDA:12,(anonymous_2)
FNDA:19,(anonymous_3)
FNDA:18,(anonymous_4)
FNDA:3,(anonymous_5)
FNDA:2,(anonymous_6)
FNDA:3,(anonymous_7)
FNDA:2,(anonymous_8)
FNDA:2,(anonymous_9)
FNDA:2,(anonymous_10)
FNDA:0,(anonymous_11)
FNDA:0,(anonymous_12)
FNDA:0,(anonymous_13)
DA:1,1
DA:2,1
DA:5,1
DA:7,1
DA:9,10
DA:10,10
DA:13,10
DA:14,10
DA:16,10
DA:20,12
DA:22,12
DA:24,12
DA:25,11
DA:32,11
DA:34,1
DA:36,11
DA:40,19
DA:41,1
DA:42,1
DA:43,1
DA:45,1
DA:48,18
DA:52,18
DA:53,0
DA:55,18
DA:59,3
DA:60,1
DA:62,3
DA:63,3
DA:64,3
DA:68,2
DA:69,0
DA:71,2
DA:72,2
DA:73,2
DA:77,3
DA:78,1
DA:80,3
DA:81,3
DA:85,2
DA:86,0
DA:88,2
DA:89,2
DA:93,2
DA:94,1
DA:96,2
DA:97,2
DA:98,2
DA:102,2
DA:103,1
DA:105,2
DA:106,2
DA:107,2
DA:111,0
DA:112,0
DA:114,0
DA:115,0
DA:119,0
DA:120,0
DA:122,0
DA:123,0
DA:124,0
DA:128,0
DA:129,0
DA:131,0
DA:132,0
DA:133,0
LF:67
LH:50
BRDA:20,0,0,0
BRDA:24,1,0,11
BRDA:24,1,1,1
BRDA:40,2,0,1
BRDA:52,3,0,0
BRDA:59,4,0,1
BRDA:68,5,0,0
BRDA:77,6,0,1
BRDA:85,7,0,0
BRDA:93,8,0,1
BRDA:98,9,0,2
BRDA:98,9,1,1
BRDA:98,9,2,1
BRDA:102,10,0,1
BRDA:111,11,0,0
BRDA:119,12,0,0
BRDA:128,13,0,0
BRF:17
BRH:10
end_of_record
TN:
SF:src\filesystem\watcher.ts
FN:12,(anonymous_1)
FN:17,(anonymous_2)
FN:29,(anonymous_3)
FN:33,(anonymous_4)
FN:37,(anonymous_5)
FN:41,(anonymous_6)
FN:49,(anonymous_7)
FNF:7
FNH:0
FNDA:0,(anonymous_1)
FNDA:0,(anonymous_2)
FNDA:0,(anonymous_3)
FNDA:0,(anonymous_4)
FNDA:0,(anonymous_5)
FNDA:0,(anonymous_6)
FNDA:0,(anonymous_7)
DA:1,0
DA:2,0
DA:3,0
DA:9,0
DA:10,0
DA:12,0
DA:18,0
DA:20,0
DA:22,0
DA:28,0
DA:30,0
DA:34,0
DA:38,0
DA:42,0
DA:50,0
DA:51,0
DA:52,0
DA:53,0
LF:18
LH:0
BRDA:50,0,0,0
BRF:1
BRH:0
end_of_record
TN:
SF:src\handlers\edit-monitor.ts
FN:3,handleEditMonitor
FN:23,(anonymous_1)
FN:38,formatOps
FN:39,(anonymous_3)
FNF:4
FNH:0
FNDA:0,handleEditMonitor
FNDA:0,(anonymous_1)
FNDA:0,formatOps
FNDA:0,(anonymous_3)
DA:3,0
DA:4,0
DA:5,0
DA:7,0
DA:8,0
DA:9,0
DA:10,0
DA:11,0
DA:13,0
DA:14,0
DA:15,0
DA:16,0
DA:19,0
DA:20,0
DA:21,0
DA:23,0
DA:24,0
DA:25,0
DA:26,0
DA:27,0
DA:28,0
DA:29,0
DA:34,0
DA:38,0
DA:39,0
DA:40,0
DA:41,0
DA:42,0
DA:43,0
LF:29
LH:0
BRDA:8,0,0,0
BRDA:8,0,1,0
BRDA:13,1,0,0
BRDA:20,2,0,0
BRDA:20,2,1,0
BRDA:24,3,0,0
BRDA:24,3,1,0
BRDA:26,4,0,0
BRDA:26,4,1,0
BRDA:28,5,0,0
BRDA:40,6,0,0
BRDA:41,7,0,0
BRDA:42,8,0,0
BRF:13
BRH:0
end_of_record
TN:
SF:src\handlers\index.ts
FN:1,(anonymous_0)
FN:1,(anonymous_1)
FNF:2
FNH:0
FNDA:0,(anonymous_0)
FNDA:0,(anonymous_1)
DA:1,0
LF:1
LH:0
BRF:0
BRH:0
end_of_record
