TN:
SF:src\filesystem\manager.ts
FN:6,(anonymous_1)
FN:8,(anonymous_2)
FN:18,(anonymous_3)
FN:29,(anonymous_4)
FN:34,(anonymous_5)
FN:39,(anonymous_6)
FN:45,(anonymous_7)
FN:50,(anonymous_8)
FNF:8
FNH:5
FNDA:5,(anonymous_1)
FNDA:5,(anonymous_2)
FNDA:1,(anonymous_3)
FNDA:0,(anonymous_4)
FNDA:1,(anonymous_5)
FNDA:1,(anonymous_6)
FNDA:0,(anonymous_7)
FNDA:0,(anonymous_8)
DA:1,1
DA:2,1
DA:3,1
DA:5,1
DA:6,5
DA:9,5
DA:10,0
DA:13,5
DA:14,5
DA:15,5
DA:19,1
DA:20,1
DA:22,1
DA:23,0
DA:26,1
DA:30,0
DA:31,0
DA:35,1
DA:36,1
DA:40,1
DA:41,1
DA:42,1
DA:46,0
DA:47,0
DA:51,0
LF:25
LH:18
BRDA:9,0,0,0
BRDA:22,1,0,0
BRF:2
BRH:0
end_of_record
